 1.000 -2.269 99.217
 1.000 -0.397 100.825
 1.000 -0.397 101.104
 1.000 -0.397 100.025
0 100      2.303       0.430      10.333

 1.006 -2.264 100.108
 0.991 -0.406 100.892
 0.991 -0.406 100.479
 0.990 -0.407 99.804
10 100      2.303       0.041      10.067

 1.003 -2.266 100.029
 0.990 -0.408 99.758
 0.992 -0.405 100.029
 0.985 -0.412 99.996
20 100      2.302       0.013      12.533

 1.004 -2.265 100.083
 0.992 -0.405 99.350
 0.994 -0.403 99.863
 0.985 -0.412 99.950
30 100      2.302       0.007      10.800

 1.004 -2.266 99.971
 0.992 -0.405 100.450
 0.993 -0.404 100.529
 0.988 -0.410 99.038
40 100      2.302       0.002      11.067

 1.004 -2.265 99.333
 0.991 -0.406 99.842
 0.993 -0.404 100.279
 0.988 -0.409 99.954
50 100      2.302       0.001       9.933

 1.004 -2.265 99.342
 0.992 -0.405 99.317
 0.993 -0.404 99.338
 0.987 -0.410 100.421
60 100      2.300       0.000      14.133

 1.004 -2.265 101.275
 0.992 -0.405 100.838
 0.993 -0.404 99.875
 0.987 -0.410 99.863
70 100      2.302       0.000      10.933

 1.004 -2.265 99.313
 0.992 -0.405 99.983
 0.993 -0.404 100.283
 0.987 -0.410 99.500
80 100      2.301       0.000      11.533

 1.004 -2.265 99.713
 0.992 -0.405 99.796
 0.993 -0.404 100.163
 0.987 -0.410 99.738
90 100      2.303       0.000       9.867

 1.004 -2.265 100.529
 0.992 -0.405 99.308
 0.993 -0.404 99.533
 0.987 -0.410 100.200
100 100      2.302       0.000      11.400

 1.004 -2.265 100.058
 0.992 -0.405 100.138
 0.993 -0.404 100.188
 0.987 -0.410 99.775
110 100      2.301       0.000      13.333

 1.004 -2.265 99.892
 0.992 -0.405 99.892
 0.993 -0.404 99.650
 0.987 -0.410 99.683
120 100      2.303       0.000      10.533

 1.004 -2.265 101.604
 0.992 -0.405 100.088
 0.993 -0.404 99.058
 0.987 -0.410 100.092
130 100      2.301       0.000      10.800

 1.004 -2.265 100.067
 0.992 -0.405 99.950
 0.993 -0.404 100.671
 0.987 -0.410 99.546
140 100      2.302       0.000       9.933

 1.004 -2.265 99.850
 0.992 -0.405 100.583
 0.993 -0.404 100.483
 0.987 -0.410 100.788
150 100      2.301       0.000      11.067

 1.004 -2.265 99.438
 0.992 -0.405 99.950
 0.993 -0.404 99.696
 0.987 -0.410 99.946
160 100      2.301       0.000      11.267

 1.004 -2.265 99.708
 0.992 -0.405 99.913
 0.993 -0.404 100.188
 0.987 -0.410 100.563
170 100      2.302       0.000      11.133

 1.004 -2.265 100.025
 0.992 -0.405 99.663
 0.993 -0.404 100.258
 0.987 -0.410 100.404
180 100      2.302       0.000      10.267

 1.004 -2.265 99.963
 0.992 -0.405 100.104
 0.993 -0.404 100.075
 0.987 -0.410 100.513
190 100      2.302       0.000      11.533

 1.004 -2.265 100.467
 0.992 -0.405 99.779
 0.993 -0.404 100.783
 0.987 -0.410 99.871
200 100      2.301       0.000      11.933

 1.004 -2.265 99.550
 0.992 -0.405 99.546
 0.993 -0.404 100.279
 0.987 -0.410 99.388
210 100      2.301       0.000      12.600

 1.004 -2.265 99.833
 0.992 -0.405 99.571
 0.993 -0.404 100.292
 0.987 -0.410 100.329
220 100      2.302       0.000      10.933

 1.004 -2.265 100.158
 0.992 -0.405 99.808
 0.993 -0.404 99.658
 0.987 -0.410 100.108
230 100      2.301       0.000      11.533

 1.004 -2.265 99.850
 0.992 -0.405 99.283
 0.993 -0.404 99.413
 0.987 -0.410 99.379
240 100      2.296       0.000      13.933

 1.004 -2.265 100.679
 0.992 -0.405 99.683
 0.993 -0.404 99.438
 0.987 -0.410 99.708
250 100      2.302       0.000      11.600

 1.004 -2.265 99.692
 0.992 -0.405 99.404
 0.993 -0.404 99.933
 0.987 -0.410 99.454
260 100      2.301       0.000      11.933

 1.004 -2.265 100.650
 0.992 -0.405 100.117
 0.993 -0.404 100.250
 0.987 -0.410 99.738
270 100      2.302       0.000      11.000

 1.004 -2.265 99.967
 0.992 -0.405 99.888
 0.993 -0.404 100.125
 0.987 -0.410 100.046
280 100      2.303       0.000      10.533

 1.004 -2.265 98.513
 0.992 -0.405 100.771
 0.993 -0.404 99.717
 0.987 -0.410 100.571
290 100      2.299       0.000      12.067

 1.004 -2.265 99.050
 0.992 -0.405 99.971
 0.993 -0.404 100.179
 0.987 -0.410 100.258
300 100      2.301       0.000      11.467

 1.004 -2.265 100.075
 0.992 -0.405 100.242
 0.993 -0.404 99.154
 0.987 -0.410 99.508
310 100      2.300       0.000      11.733

 1.004 -2.265 99.821
 0.992 -0.405 99.354
 0.993 -0.404 100.783
 0.987 -0.410 100.150
320 100      2.300       0.000      11.600

 1.004 -2.265 100.425
 0.992 -0.405 99.350
 0.993 -0.404 100.304
 0.987 -0.410 100.150
330 100      2.303       0.000      10.000

 1.004 -2.265 100.104
 0.992 -0.405 99.992
 0.993 -0.404 100.221
 0.987 -0.410 100.000
340 100      2.300       0.000      11.667

 1.004 -2.265 100.550
 0.992 -0.405 100.058
 0.993 -0.404 99.967
 0.987 -0.410 100.621
350 100      2.302       0.000      11.200

 1.004 -2.265 100.025
 0.992 -0.405 100.996
 0.993 -0.404 99.363
 0.987 -0.410 100.054
360 100      2.302       0.000      11.333

 1.004 -2.265 100.588
 0.992 -0.405 100.796
 0.993 -0.404 99.642
 0.987 -0.410 100.075
370 100      2.300       0.000      11.133

 1.004 -2.265 98.863
 0.992 -0.405 99.596
 0.993 -0.404 99.658
 0.987 -0.410 100.275
380 100      2.303       0.000      10.267

 1.004 -2.265 100.025
 0.992 -0.405 99.379
 0.993 -0.404 100.133
 0.987 -0.410 99.458
390 100      2.301       0.000      11.133

 1.004 -2.265 100.254
 0.992 -0.405 99.508
 0.993 -0.404 99.954
 0.987 -0.410 100.088
400 100      2.300       0.000      12.533

 1.004 -2.265 99.708
 0.992 -0.405 100.421
 0.993 -0.404 100.758
 0.987 -0.410 100.196
410 100      2.301       0.000      10.733

 1.004 -2.265 100.696
 0.992 -0.405 100.725
 0.993 -0.404 99.854
 0.987 -0.410 100.075
420 100      2.303       0.000      10.267

 1.004 -2.265 99.217
 0.992 -0.405 99.408
 0.993 -0.404 99.954
 0.987 -0.410 100.038
430 100      2.302       0.000      10.333

 1.004 -2.265 100.225
 0.992 -0.405 100.196
 0.993 -0.404 100.150
 0.987 -0.410 100.079
440 100      2.300       0.000      12.133

 1.004 -2.265 100.800
 0.992 -0.405 99.633
 0.993 -0.404 100.296
 0.987 -0.410 99.967
450 100      2.301       0.000      11.000

 1.004 -2.265 100.079
 0.992 -0.405 100.104
 0.993 -0.404 99.592
 0.987 -0.410 98.742
460 100      2.303       0.000      10.533

 1.004 -2.265 101.125
 0.992 -0.405 99.367
 0.993 -0.404 100.263
 0.987 -0.410 99.792
470 100      2.298       0.000      12.867

 1.004 -2.265 100.025
 0.992 -0.405 99.325
 0.993 -0.404 100.250
 0.987 -0.410 99.179
480 100      2.301       0.000      11.067

 1.004 -2.265 98.967
 0.992 -0.405 100.063
 0.993 -0.404 99.458
 0.987 -0.410 99.904
490 100      2.301       0.000      10.800

 1.004 -2.265 100.108
 0.992 -0.405 100.167
 0.993 -0.404 100.796
 0.987 -0.410 99.429
500 100      2.299       0.000      11.600

 1.004 -2.265 100.858
 0.992 -0.405 99.563
 0.993 -0.404 100.138
 0.987 -0.410 100.163
510 100      2.300       0.000      10.200

 1.004 -2.265 100.204
 0.992 -0.405 99.888
 0.993 -0.404 99.967
 0.987 -0.410 99.738
520 100      2.297       0.000      12.133

 1.004 -2.265 99.954
 0.992 -0.405 100.138
 0.993 -0.404 100.433
 0.987 -0.410 99.375
530 100      2.296       0.000      12.133

 1.004 -2.265 99.529
 0.992 -0.405 99.167
 0.993 -0.404 99.263
 0.987 -0.410 99.942
540 100      2.286       0.000      12.200

 1.004 -2.265 101.238
 0.992 -0.405 99.717
 0.993 -0.404 99.546
 0.988 -0.410 100.425
550 100      2.279       0.000      15.400

 1.004 -2.265 100.788
 0.992 -0.405 100.129
 0.993 -0.404 100.146
 0.988 -0.410 99.700
560 100      2.267       0.000      17.600

 1.004 -2.265 100.308
 0.992 -0.405 100.079
 0.993 -0.404 100.604
 0.988 -0.410 99.046
570 100      2.263       0.000      17.867

 1.004 -2.265 99.567
 0.992 -0.405 100.233
 0.993 -0.404 100.100
 0.988 -0.410 99.854
580 100      2.250       0.000      16.267

 1.004 -2.265 99.708
 0.992 -0.405 99.975
 0.993 -0.404 99.850
 0.988 -0.410 100.438
590 100      2.227       0.000      17.533

 1.004 -2.265 100.483
 0.992 -0.405 99.438
 0.993 -0.404 99.113
 0.988 -0.410 100.221
600 100      2.210       0.000      17.800

 1.004 -2.265 100.100
 0.992 -0.405 99.867
 0.993 -0.404 100.238
 0.988 -0.410 100.404
610 100      2.203       0.000      17.067

 1.004 -2.265 99.050
 0.992 -0.405 99.254
 0.993 -0.404 99.854
 0.988 -0.410 99.533
620 100      2.184       0.000      18.733

 1.004 -2.265 99.417
 0.992 -0.405 100.404
 0.993 -0.404 99.529
 0.989 -0.410 99.196
630 100      2.184       0.000      19.600

 1.004 -2.265 99.921
 0.992 -0.405 99.717
 0.993 -0.404 100.383
 0.990 -0.410 99.846
640 100      2.197       0.000      17.733

 1.004 -2.265 99.538
 0.992 -0.405 99.679
 0.993 -0.404 99.417
 0.991 -0.410 100.508
650 100      2.172       0.000      18.733

 1.004 -2.265 99.825
 0.992 -0.405 100.133
 0.993 -0.404 100.413
 0.991 -0.410 99.954
660 100      2.182       0.000      17.467

 1.004 -2.265 100.117
 0.992 -0.405 100.688
 0.993 -0.404 100.279
 0.991 -0.410 99.842
670 100      2.160       0.000      18.400

 1.004 -2.265 100.475
 0.992 -0.405 100.613
 0.993 -0.404 100.275
 0.992 -0.410 99.379
680 100      2.187       0.000      19.467

 1.004 -2.265 100.346
 0.992 -0.405 99.304
 0.993 -0.404 99.550
 0.992 -0.410 99.463
690 100      2.160       0.000      19.267

 1.004 -2.265 99.204
 0.992 -0.405 99.871
 0.993 -0.404 99.500
 0.992 -0.410 100.404
700 100      2.145       0.000      18.600

 1.004 -2.265 99.717
 0.992 -0.405 99.892
 0.993 -0.404 99.600
 0.992 -0.410 100.183
710 100      2.188       0.000      17.067

 1.004 -2.265 100.571
 0.992 -0.405 99.204
 0.993 -0.404 100.225
 0.992 -0.410 100.667
720 100      2.148       0.000      19.400

 1.004 -2.265 99.738
 0.992 -0.405 100.138
 0.993 -0.404 99.467
 0.991 -0.410 100.246
730 100      2.131       0.000      20.467

 1.004 -2.265 100.050
 0.992 -0.405 99.879
 0.993 -0.404 99.996
 0.991 -0.410 100.433
740 100      2.134       0.000      18.667

 1.004 -2.265 99.729
 0.992 -0.405 100.392
 0.993 -0.404 99.400
 0.992 -0.410 99.450
750 100      2.128       0.000      19.067

 1.004 -2.265 99.917
 0.992 -0.405 99.254
 0.993 -0.404 100.317
 0.994 -0.410 101.038
760 100      2.143       0.000      20.333

 1.004 -2.265 99.788
 0.992 -0.405 99.850
 0.993 -0.404 99.904
 0.994 -0.410 100.688
770 100      2.124       0.000      17.800

 1.004 -2.265 99.296
 0.992 -0.405 99.454
 0.993 -0.404 101.208
 0.994 -0.410 99.996
780 100      2.123       0.000      18.867

 1.004 -2.265 100.613
 0.992 -0.405 100.446
 0.993 -0.404 99.004
 0.994 -0.410 99.463
790 100      2.110       0.000      19.333

 1.004 -2.265 98.908
 0.992 -0.405 99.283
 0.993 -0.404 99.871
 0.995 -0.410 99.879
800 100      2.137       0.000      17.667

 1.004 -2.265 100.192
 0.992 -0.405 100.092
 0.993 -0.404 99.838
 0.995 -0.410 100.333
810 100      2.145       0.000      18.133

 1.004 -2.265 100.954
 0.992 -0.405 100.200
 0.993 -0.404 98.963
 0.995 -0.410 100.738
820 100      2.114       0.000      18.800

 1.004 -2.265 99.833
 0.992 -0.405 99.029
 0.993 -0.404 99.975
 0.996 -0.410 100.779
830 100      2.130       0.000      18.333

 1.004 -2.265 100.629
 0.992 -0.405 99.525
 0.993 -0.404 99.208
 0.996 -0.410 100.321
840 100      2.124       0.000      18.733

 1.004 -2.265 99.883
 0.992 -0.405 100.488
 0.993 -0.404 100.500
 0.997 -0.410 100.533
850 100      2.103       0.000      19.267

 1.004 -2.265 99.588
 0.992 -0.405 99.796
 0.993 -0.404 99.829
 0.997 -0.410 100.267
860 100      2.114       0.000      18.467

 1.004 -2.265 100.604
 0.992 -0.405 99.692
 0.993 -0.404 100.204
 0.996 -0.410 100.600
870 100      2.068       0.000      21.133

 1.004 -2.265 99.067
 0.992 -0.405 100.142
 0.993 -0.404 100.013
 0.996 -0.410 100.046
880 100      2.096       0.000      18.800

 1.004 -2.265 99.429
 0.992 -0.405 100.200
 0.993 -0.404 99.983
 0.996 -0.410 100.483
890 100      2.103       0.000      19.067

 1.004 -2.265 100.271
 0.992 -0.405 100.133
 0.993 -0.404 99.396
 0.996 -0.410 100.075
900 100      2.091       0.000      18.400

 1.004 -2.265 100.467
 0.992 -0.405 100.304
 0.993 -0.404 100.446
 0.996 -0.410 101.292
910 100      2.106       0.001      18.533

 1.004 -2.265 100.542
 0.992 -0.405 99.854
 0.993 -0.404 100.296
 0.995 -0.410 100.225
920 100      2.088       0.001      18.133

 1.004 -2.265 98.992
 0.992 -0.405 99.942
 0.993 -0.404 100.592
 0.995 -0.410 99.717
930 100      2.086       0.001      19.400

 1.004 -2.265 100.158
 0.992 -0.405 100.108
 0.993 -0.404 99.871
 0.997 -0.410 100.704
940 100      2.099       0.000      18.200

 1.004 -2.265 99.600
 0.992 -0.405 100.004
 0.993 -0.404 100.446
 0.997 -0.410 100.317
950 100      2.115       0.001      19.133

 1.004 -2.265 100.058
 0.992 -0.405 99.396
 0.993 -0.404 100.600
 0.996 -0.410 100.192
960 100      2.141       0.001      18.267

 1.004 -2.265 99.700
 0.992 -0.405 99.913
 0.993 -0.404 99.496
 0.997 -0.410 99.717
970 100      2.086       0.000      20.133

 1.004 -2.265 100.125
 0.992 -0.405 100.229
 0.993 -0.404 99.850
 1.005 -0.411 99.804
980 100      2.099       0.000      19.400

 1.004 -2.265 100.125
 0.992 -0.405 99.654
 0.993 -0.404 99.521
 1.008 -0.411 99.704
990 100      2.092       0.001      17.867

 1.004 -2.265 98.888
 0.992 -0.405 99.600
 0.993 -0.404 98.554
 1.008 -0.412 100.571
1000 99      2.087       1.002      17.933

 0.997 -2.272 99.304
 0.967 -0.430 97.921
 0.968 -0.429 98.725
 0.986 -0.437 97.942
1010 99      2.066       0.222      21.600

 0.994 -2.275 99.013
 0.980 -0.417 98.858
 0.981 -0.416 99.342
 0.996 -0.426 99.583
1020 99      2.076       0.062      20.733

 0.998 -2.272 98.904
 0.973 -0.423 98.854
 0.974 -0.422 98.771
 0.994 -0.428 99.588
1030 99      2.120       0.015      17.067

 0.996 -2.273 99.583
 0.976 -0.421 98.300
 0.977 -0.420 98.608
 0.992 -0.430 99.021
1040 99      2.115       0.004      19.067

 0.996 -2.273 100.204
 0.976 -0.421 99.546
 0.977 -0.420 98.821
 0.994 -0.427 98.933
1050 99      2.071       0.002      20.200

 0.997 -2.273 99.900
 0.975 -0.422 98.942
 0.976 -0.420 98.850
 0.993 -0.429 99.004
1060 99      2.070       0.001      19.933

 0.996 -2.273 99.021
 0.976 -0.421 99.433
 0.977 -0.420 99.867
 0.993 -0.428 98.267
1070 99      2.162       0.000      16.000

 0.996 -2.273 99.521
 0.975 -0.421 98.900
 0.976 -0.420 99.867
 0.993 -0.428 98.896
1080 99      2.093       0.000      18.600

 0.996 -2.273 99.038
 0.975 -0.421 98.913
 0.977 -0.420 100.029
 0.993 -0.428 98.892
1090 99      2.117       0.000      18.133

 0.996 -2.273 100.142
 0.975 -0.421 98.375
 0.976 -0.420 98.438
 0.993 -0.428 99.863
1100 99      2.082       0.000      18.533

 0.996 -2.273 98.938
 0.975 -0.421 98.500
 0.976 -0.420 99.346
 0.994 -0.428 99.554
1110 99      2.086       0.000      16.733

 0.996 -2.273 98.767
 0.975 -0.421 99.533
 0.976 -0.420 99.525
 0.994 -0.428 99.225
1120 99      2.134       0.000      18.333

 0.996 -2.273 99.175
 0.975 -0.421 99.321
 0.976 -0.420 98.700
 0.994 -0.428 98.879
1130 99      2.085       0.000      20.133

 0.996 -2.273 98.163
 0.975 -0.421 99.050
 0.976 -0.420 99.888
 0.995 -0.428 98.033
1140 99      2.065       0.000      19.600

 0.996 -2.273 98.850
 0.975 -0.421 99.596
 0.976 -0.420 97.904
 0.995 -0.428 99.650
1150 99      2.071       0.000      21.267

 0.996 -2.273 99.388
 0.975 -0.421 99.258
 0.976 -0.420 98.983
 0.995 -0.428 99.096
1160 99      2.185       0.001      18.067

 0.996 -2.273 99.158
 0.975 -0.421 98.908
 0.976 -0.420 98.925
 0.995 -0.428 99.263
1170 99      2.115       0.000      17.733

 0.996 -2.273 98.696
 0.975 -0.421 97.925
 0.976 -0.420 99.283
 0.994 -0.428 98.671
1180 99      2.115       0.001      19.667

 0.996 -2.273 98.842
 0.975 -0.421 98.521
 0.976 -0.420 99.150
 0.995 -0.428 98.817
1190 99      2.127       0.000      17.667

 0.996 -2.273 98.971
 0.975 -0.421 98.650
 0.976 -0.420 99.033
 0.995 -0.428 98.813
1200 99      2.067       0.001      20.333

 0.996 -2.273 99.600
 0.975 -0.421 99.396
 0.976 -0.420 98.271
 0.994 -0.428 99.096
1210 99      2.064       0.000      20.800

 0.996 -2.273 99.825
 0.975 -0.421 98.696
 0.976 -0.420 99.325
 0.994 -0.428 98.329
1220 99      2.075       0.000      20.867

 0.996 -2.273 98.517
 0.975 -0.421 99.088
 0.976 -0.420 99.300
 0.994 -0.428 98.888
1230 99      2.083       0.000      20.000

 0.996 -2.273 99.383
 0.975 -0.421 98.725
 0.976 -0.420 98.654
 0.993 -0.428 98.646
1240 99      2.069       0.000      19.400

 0.996 -2.273 98.988
 0.975 -0.421 98.821
 0.976 -0.420 98.842
 0.992 -0.428 98.754
1250 99      2.085       0.000      18.800

 0.996 -2.273 99.638
 0.975 -0.421 98.675
 0.976 -0.420 98.671
 0.994 -0.428 97.967
1260 99      2.112       0.000      16.867

 0.996 -2.273 99.358
 0.975 -0.421 98.471
 0.976 -0.420 99.604
 0.994 -0.428 98.321
1270 99      2.069       0.001      20.533

 0.996 -2.273 98.788
 0.975 -0.421 98.733
 0.976 -0.420 99.358
 0.994 -0.428 98.917
1280 99      2.077       0.001      19.533

 0.996 -2.273 98.683
 0.975 -0.421 99.633
 0.976 -0.420 99.333
 0.994 -0.428 99.188
1290 99      2.078       0.001      20.867

 0.996 -2.273 99.325
 0.975 -0.421 98.979
 0.976 -0.420 99.067
 0.994 -0.428 99.642
1300 99      2.080       0.001      19.600

 0.996 -2.273 98.688
 0.975 -0.421 99.050
 0.976 -0.420 99.333
 0.995 -0.428 99.483
1310 99      2.077       0.001      20.200

 0.996 -2.273 99.500
 0.975 -0.421 98.763
 0.976 -0.420 98.846
 0.996 -0.428 99.125
1320 99      2.086       0.000      19.067

 0.996 -2.273 98.875
 0.975 -0.421 99.267
 0.976 -0.420 98.425
 0.997 -0.428 99.088
1330 99      2.086       0.001      19.533

 0.996 -2.273 99.367
 0.975 -0.421 99.542
 0.976 -0.420 99.138
 0.997 -0.429 98.888
1340 99      2.079       0.000      19.933

 0.996 -2.273 99.279
 0.975 -0.421 98.758
 0.976 -0.420 98.658
 0.998 -0.429 99.400
1350 99      2.058       0.000      20.667

 0.996 -2.273 98.821
 0.975 -0.421 99.467
 0.976 -0.420 99.133
 0.999 -0.429 99.463
1360 99      2.049       0.000      19.533

 0.996 -2.273 99.179
 0.975 -0.421 98.829
 0.976 -0.420 98.717
 0.999 -0.429 99.150
1370 99      2.052       0.000      20.533

 0.996 -2.273 98.904
 0.975 -0.421 99.004
 0.976 -0.420 98.979
 0.999 -0.429 98.163
1380 99      2.063       0.000      20.733

 0.996 -2.273 99.246
 0.975 -0.421 99.129
 0.976 -0.420 98.704
 0.999 -0.429 99.079
1390 99      2.084       0.000      19.133

 0.996 -2.273 98.838
 0.975 -0.421 98.433
 0.976 -0.420 98.783
 0.998 -0.429 99.025
1400 99      2.177       0.000      16.467

 0.996 -2.273 99.713
 0.975 -0.421 98.729
 0.976 -0.420 99.575
 0.998 -0.429 98.700
1410 99      2.064       0.000      20.733

 0.996 -2.273 99.171
 0.975 -0.421 98.858
 0.976 -0.420 99.508
 0.998 -0.429 98.100
1420 99      2.099       0.000      17.267

 0.996 -2.273 99.796
 0.975 -0.421 97.913
 0.976 -0.420 98.775
 0.998 -0.429 99.267
1430 99      2.085       0.000      20.400

 0.996 -2.273 99.054
 0.975 -0.421 99.379
 0.976 -0.420 98.304
 0.998 -0.429 99.021
1440 99      2.060       0.000      19.133

 0.996 -2.273 99.658
 0.975 -0.421 98.871
 0.976 -0.420 98.742
 0.998 -0.429 98.642
1450 99      2.048       0.001      21.600

 0.996 -2.273 98.379
 0.975 -0.421 98.521
 0.976 -0.420 98.675
 0.997 -0.429 99.275
1460 99      2.076       0.000      20.133

 0.996 -2.273 98.700
 0.975 -0.421 99.733
 0.976 -0.420 98.588
 0.997 -0.428 99.250
1470 99      2.071       0.000      18.667

 0.996 -2.273 99.700
 0.975 -0.421 98.533
 0.976 -0.420 98.871
 0.997 -0.428 99.167
1480 99      2.061       0.000      21.400

 0.996 -2.273 99.929
 0.975 -0.421 99.221
 0.976 -0.420 97.954
 1.000 -0.429 98.750
1490 99      2.068       0.000      22.000

 0.996 -2.273 99.063
 0.975 -0.421 98.846
 0.976 -0.420 99.017
 1.000 -0.429 99.221
1500 99      2.068       0.000      20.800

 0.996 -2.273 98.550
 0.975 -0.421 99.475
 0.976 -0.420 98.346
 1.001 -0.429 99.042
1510 99      2.072       0.000      19.867

 0.996 -2.273 98.508
 0.975 -0.421 99.429
 0.976 -0.420 99.046
 1.001 -0.429 98.375
1520 99      2.064       0.000      18.133

 0.996 -2.273 99.429
 0.975 -0.421 98.588
 0.976 -0.420 98.879
 1.001 -0.429 98.658
1530 99      2.056       0.000      20.333

 0.996 -2.273 98.588
 0.975 -0.421 98.733
 0.976 -0.420 99.258
 1.001 -0.429 98.792
1540 99      2.099       0.000      17.933

 0.996 -2.273 98.650
 0.975 -0.421 99.096
 0.976 -0.420 98.629
 1.001 -0.429 98.696
1550 99      2.063       0.000      19.867

 0.996 -2.273 99.263
 0.975 -0.421 98.792
 0.976 -0.420 99.683
 1.001 -0.429 99.271
1560 99      2.055       0.000      19.800

 0.996 -2.273 98.038
 0.975 -0.421 98.504
 0.976 -0.420 99.963
 1.000 -0.429 98.858
1570 99      2.063       0.000      19.067

 0.996 -2.273 99.904
 0.975 -0.421 99.175
 0.976 -0.420 99.833
 1.000 -0.429 98.592
1580 99      2.065       0.000      21.800

 0.996 -2.273 97.958
 0.975 -0.421 98.479
 0.976 -0.420 99.221
 1.001 -0.429 99.158
1590 99      2.071       0.000      20.200

 0.996 -2.273 98.458
 0.975 -0.421 99.438
 0.976 -0.420 99.625
 1.001 -0.429 98.658
1600 99      2.062       0.000      20.733

 0.996 -2.273 98.746
 0.975 -0.421 98.946
 0.976 -0.420 99.129
 1.002 -0.429 99.142
1610 99      2.076       0.001      19.333

 0.996 -2.273 99.783
 0.975 -0.421 99.671
 0.976 -0.420 99.229
 1.002 -0.429 99.892
1620 99      2.088       0.000      20.467

 0.996 -2.273 99.667
 0.975 -0.421 98.950
 0.976 -0.420 98.308
 1.001 -0.429 99.479
1630 99      2.058       0.000      20.667

 0.996 -2.273 98.158
 0.975 -0.421 98.967
 0.976 -0.420 98.517
 1.000 -0.429 99.154
1640 99      2.095       0.000      19.200

 0.996 -2.273 98.613
 0.975 -0.421 99.313
 0.976 -0.420 98.638
 1.000 -0.428 98.667
1650 99      2.036       0.000      19.933

 0.996 -2.273 99.058
 0.975 -0.421 98.825
 0.976 -0.420 97.704
 1.000 -0.429 99.313
1660 99      2.096       0.000      19.600

 0.996 -2.273 98.333
 0.975 -0.421 99.496
 0.976 -0.420 99.354
 1.000 -0.429 98.642
1670 99      2.037       0.001      21.400

 0.996 -2.273 98.342
 0.975 -0.421 99.088
 0.976 -0.420 99.146
 0.999 -0.429 98.583
1680 99      2.067       0.001      22.200

 0.996 -2.273 99.150
 0.975 -0.421 97.375
 0.976 -0.420 99.292
 1.001 -0.428 99.817
1690 99      2.061       0.000      21.267

 0.996 -2.273 98.296
 0.975 -0.421 98.825
 0.976 -0.420 99.388
 1.001 -0.429 98.908
1700 99      2.090       0.000      18.133

 0.996 -2.273 97.996
 0.975 -0.421 99.975
 0.976 -0.420 99.442
 1.003 -0.428 99.063
1710 99      2.049       0.000      21.067

 0.996 -2.273 99.383
 0.975 -0.421 98.963
 0.976 -0.420 98.033
 1.005 -0.429 98.500
1720 99      2.081       0.000      17.733

 0.996 -2.273 99.163
 0.975 -0.421 98.471
 0.976 -0.420 98.867
 1.005 -0.429 99.175
1730 99      2.065       0.001      20.667

 0.996 -2.273 98.746
 0.975 -0.421 98.829
 0.976 -0.420 99.142
 1.006 -0.429 98.263
1740 99      2.063       0.001      20.467

 0.996 -2.273 99.529
 0.975 -0.421 99.154
 0.976 -0.420 97.896
 1.006 -0.429 99.258
1750 99      2.057       0.000      21.533

 0.996 -2.273 98.871
 0.975 -0.421 99.117
 0.976 -0.420 97.954
 1.008 -0.429 99.025
1760 99      2.033       0.000      23.333

 0.996 -2.273 98.238
 0.975 -0.421 98.933
 0.976 -0.420 99.438
 1.008 -0.430 100.279
1770 99      2.037       0.000      21.733

 0.996 -2.273 98.875
 0.975 -0.421 98.721
 0.976 -0.420 98.871
 1.009 -0.429 98.546
1780 99      2.088       0.000      17.267

 0.996 -2.273 99.771
 0.975 -0.421 99.358
 0.976 -0.420 98.750
 1.009 -0.429 100.083
1790 99      2.066       0.000      17.400

 0.996 -2.273 99.146
 0.975 -0.421 99.425
 0.976 -0.420 98.742
 1.010 -0.429 98.767
1800 99      2.030       0.000      22.533

 0.996 -2.273 98.417
 0.975 -0.421 98.288
 0.976 -0.420 99.229
 1.010 -0.429 99.179
1810 99      2.046       0.000      22.667

 0.996 -2.273 99.550
 0.975 -0.421 98.871
 0.976 -0.420 99.496
 1.009 -0.429 98.858
1820 99      2.084       0.000      18.333

 0.996 -2.273 98.946
 0.975 -0.421 99.350
 0.976 -0.420 98.867
 1.009 -0.429 98.692
1830 99      2.068       0.001      18.533

 0.996 -2.273 98.713
 0.975 -0.421 98.350
 0.976 -0.420 99.067
 1.009 -0.429 98.617
1840 99      2.069       0.001      19.067

 0.996 -2.273 98.167
 0.975 -0.421 98.550
 0.976 -0.420 98.954
 1.007 -0.429 99.279
1850 99      2.069       0.001      19.000

 0.996 -2.273 98.496
 0.975 -0.421 98.992
 0.976 -0.420 99.329
 1.006 -0.429 98.508
1860 99      2.096       0.000      18.267

 0.996 -2.273 98.692
 0.975 -0.421 97.792
 0.976 -0.420 99.421
 1.008 -0.429 98.913
1870 99      2.091       0.000      19.933

 0.996 -2.273 99.042
 0.975 -0.421 98.704
 0.976 -0.420 99.042
 1.011 -0.429 99.150
1880 99      2.048       0.000      19.667

 0.996 -2.273 100.150
 0.975 -0.421 99.358
 0.976 -0.420 99.075
 1.011 -0.429 99.325
1890 99      2.044       0.000      19.533

 0.996 -2.273 97.763
 0.975 -0.421 98.713
 0.976 -0.420 98.267
 1.013 -0.429 98.725
1900 99      2.039       0.000      21.533

 0.996 -2.273 99.142
 0.975 -0.421 99.400
 0.976 -0.420 98.942
 1.012 -0.429 99.338
1910 99      2.063       0.000      19.467

 0.996 -2.273 98.971
 0.975 -0.421 99.254
 0.976 -0.420 99.013
 1.013 -0.430 99.521
1920 99      2.097       0.000      18.600

 0.996 -2.273 98.533
 0.975 -0.421 98.583
 0.976 -0.420 99.146
 1.015 -0.429 98.683
1930 99      2.080       0.000      19.667

 0.996 -2.273 99.167
 0.975 -0.421 98.988
 0.976 -0.420 99.267
 1.017 -0.430 98.433
1940 99      2.055       0.000      19.067

 0.996 -2.273 98.850
 0.975 -0.421 98.475
 0.976 -0.420 98.771
 1.018 -0.430 99.625
1950 99      2.053       0.001      18.267

 0.996 -2.273 98.704
 0.975 -0.421 98.671
 0.976 -0.420 99.304
 1.019 -0.430 99.392
1960 99      2.053       0.000      19.933

 0.996 -2.273 99.867
 0.975 -0.421 99.013
 0.976 -0.420 98.483
 1.019 -0.430 99.050
1970 99      2.058       0.000      18.467

 0.996 -2.273 100.125
 0.975 -0.421 98.654
 0.976 -0.420 99.375
 1.017 -0.430 98.408
1980 99      2.023       0.000      21.933

 0.996 -2.273 99.413
 0.975 -0.421 99.321
 0.976 -0.420 98.746
 1.018 -0.430 98.729
1990 99      2.111       0.000      16.933

 0.996 -2.273 98.550
 0.975 -0.421 98.933
 0.976 -0.420 98.908
 1.018 -0.430 98.346
2000 98      2.037       1.005      20.667

 0.988 -2.281 97.846
 0.950 -0.446 96.900
 0.951 -0.445 97.933
 0.995 -0.456 97.383
2010 98      2.060       0.236      20.333

 0.987 -2.282 98.838
 0.963 -0.433 97.892
 0.964 -0.432 98.579
 1.005 -0.444 98.438
2020 98      2.062       0.059      19.800

 0.990 -2.279 98.183
 0.957 -0.439 97.633
 0.958 -0.438 97.508
 1.002 -0.447 97.683
2030 98      2.055       0.013      23.200

 0.988 -2.281 98.296
 0.959 -0.437 96.954
 0.960 -0.436 98.471
 1.001 -0.448 97.846
2040 98      2.059       0.003      19.733

 0.988 -2.281 97.808
 0.959 -0.437 97.271
 0.960 -0.436 98.004
 1.002 -0.446 98.225
2050 98      2.045       0.002      21.400

 0.989 -2.280 98.521
 0.958 -0.438 98.313
 0.959 -0.437 97.900
 1.000 -0.448 97.867
2060 98      2.070       0.002      17.267

 0.988 -2.281 97.242
 0.959 -0.437 97.400
 0.960 -0.436 98.663
 1.003 -0.447 98.163
2070 98      2.057       0.001      21.600

 0.989 -2.280 98.438
 0.959 -0.437 97.708
 0.960 -0.436 97.333
 1.003 -0.447 97.304
2080 98      2.068       0.000      19.400

 0.989 -2.280 97.688
 0.959 -0.437 98.196
 0.960 -0.436 97.392
 1.004 -0.447 98.175
2090 98      2.059       0.000      21.267

 0.989 -2.280 98.383
 0.959 -0.437 98.450
 0.960 -0.436 98.733
 1.003 -0.447 97.988
2100 98      2.022       0.001      21.467

 0.989 -2.280 97.408
 0.959 -0.437 98.879
 0.960 -0.436 97.813
 1.003 -0.447 98.475
2110 98      2.113       0.001      16.933

 0.989 -2.280 98.708
 0.959 -0.437 97.400
 0.960 -0.436 98.133
 1.002 -0.447 97.204
2120 98      2.068       0.001      20.000

 0.989 -2.280 98.038
 0.959 -0.437 97.071
 0.960 -0.436 97.858
 1.002 -0.447 97.717
2130 98      2.085       0.000      18.467

 0.989 -2.280 98.196
 0.959 -0.437 97.896
 0.960 -0.436 97.913
 1.002 -0.447 97.733
2140 98      2.064       0.000      20.800

 0.989 -2.280 97.404
 0.959 -0.437 98.100
 0.960 -0.436 98.642
 1.002 -0.447 97.650
2150 98      2.026       0.000      21.667

 0.989 -2.280 97.483
 0.959 -0.437 97.746
 0.960 -0.436 98.658
 1.002 -0.447 97.767
2160 98      2.041       0.001      21.400

 0.989 -2.280 97.333
 0.959 -0.437 98.346
 0.960 -0.436 98.700
 1.002 -0.447 98.421
2170 98      2.055       0.000      18.667

 0.989 -2.280 98.458
 0.959 -0.437 97.600
 0.960 -0.436 97.700
 1.001 -0.447 97.700
2180 98      2.022       0.001      20.533

 0.989 -2.280 98.167
 0.959 -0.437 98.146
 0.960 -0.436 98.129
 1.001 -0.447 98.342
2190 98      2.061       0.000      19.667

 0.989 -2.280 98.183
 0.959 -0.437 97.704
 0.960 -0.436 97.250
 0.999 -0.447 97.933
2200 98      2.070       0.000      20.400

 0.989 -2.280 97.738
 0.959 -0.437 97.429
 0.960 -0.436 97.408
 0.995 -0.446 98.258
2210 98      2.042       0.000      20.533

 0.989 -2.280 97.583
 0.959 -0.437 97.600
 0.960 -0.436 98.033
 0.994 -0.446 98.367
2220 98      2.058       0.001      21.200

 0.989 -2.280 98.063
 0.959 -0.437 98.329
 0.960 -0.436 97.746
 0.995 -0.446 97.854
2230 98      2.054       0.000      20.267

 0.989 -2.280 97.608
 0.959 -0.437 98.113
 0.960 -0.436 98.042
 0.998 -0.446 98.463
2240 98      2.029       0.000      21.133

 0.989 -2.280 97.183
 0.959 -0.437 98.246
 0.960 -0.436 97.667
 1.002 -0.447 97.892
2250 98      2.057       0.000      21.467

 0.989 -2.280 97.838
 0.959 -0.437 97.863
 0.960 -0.436 98.246
 1.004 -0.447 97.038
2260 98      2.034       0.000      21.800

 0.989 -2.280 97.792
 0.959 -0.437 98.263
 0.960 -0.436 97.746
 1.004 -0.447 98.454
2270 98      2.061       0.000      17.400

 0.989 -2.280 97.954
 0.959 -0.437 97.908
 0.960 -0.436 97.925
 1.004 -0.447 97.088
2280 98      2.039       0.001      19.600

 0.989 -2.280 98.008
 0.959 -0.437 98.279
 0.960 -0.436 97.654
 1.005 -0.447 98.367
2290 98      2.078       0.001      18.600

 0.989 -2.280 97.696
 0.959 -0.437 97.817
 0.960 -0.436 98.604
 1.005 -0.447 97.363
2300 98      2.076       0.001      18.867

 0.989 -2.280 97.575
 0.959 -0.437 98.221
 0.960 -0.436 98.000
 1.005 -0.447 98.000
2310 98      2.064       0.000      19.600

 0.989 -2.280 99.258
 0.959 -0.437 98.604
 0.960 -0.436 97.971
 1.006 -0.447 98.063
2320 98      2.098       0.001      17.933

 0.989 -2.280 98.417
 0.959 -0.437 98.079
 0.960 -0.436 97.908
 1.007 -0.447 97.713
2330 98      2.061       0.001      20.867

 0.989 -2.280 97.471
 0.959 -0.437 97.696
 0.960 -0.436 97.879
 1.006 -0.447 97.788
2340 98      2.114       0.001      18.267

 0.989 -2.280 98.113
 0.959 -0.437 97.246
 0.960 -0.436 97.913
 1.004 -0.447 98.038
2350 98      2.094       0.000      19.733

 0.989 -2.280 97.675
 0.959 -0.437 97.621
 0.960 -0.436 97.558
 1.004 -0.447 98.100
2360 98      2.052       0.000      21.867

 0.989 -2.280 97.579
 0.959 -0.437 98.063
 0.960 -0.436 97.871
 1.004 -0.447 98.117
2370 98      2.086       0.000      17.867

 0.989 -2.280 98.633
 0.959 -0.437 98.238
 0.960 -0.436 97.996
 1.007 -0.447 97.700
2380 98      2.075       0.000      21.533

 0.989 -2.280 97.967
 0.959 -0.437 98.163
 0.960 -0.436 98.192
 1.007 -0.447 97.638
2390 98      2.072       0.001      18.400

 0.989 -2.280 98.708
 0.959 -0.437 97.463
 0.960 -0.436 97.871
 1.007 -0.447 98.308
2400 98      2.041       0.001      20.133

 0.989 -2.280 98.338
 0.959 -0.437 98.442
 0.960 -0.436 97.717
 1.006 -0.447 98.442
2410 98      2.054       0.001      19.867

 0.989 -2.280 97.892
 0.959 -0.437 97.717
 0.960 -0.436 98.050
 1.006 -0.447 98.554
2420 98      2.092       0.000      16.867

 0.989 -2.280 98.746
 0.959 -0.437 97.913
 0.960 -0.436 97.471
 1.005 -0.447 98.413
2430 98      2.055       0.000      19.333

 0.989 -2.280 97.617
 0.959 -0.437 98.275
 0.960 -0.436 97.892
 1.005 -0.447 97.904
2440 98      2.047       0.000      20.867

 0.989 -2.280 98.017
 0.959 -0.437 97.838
 0.960 -0.436 98.608
 1.006 -0.447 98.250
2450 98      2.035       0.001      18.733

 0.989 -2.280 97.979
 0.959 -0.437 97.558
 0.960 -0.436 97.533
 1.005 -0.447 98.667
2460 98      2.049       0.001      19.067

 0.989 -2.280 98.308
 0.959 -0.437 97.846
 0.960 -0.436 97.738
 1.005 -0.447 98.083
2470 98      2.100       0.001      18.600

 0.989 -2.280 97.179
 0.959 -0.437 97.808
 0.960 -0.436 98.421
 1.005 -0.447 98.063
2480 98      2.042       0.000      20.933

 0.989 -2.280 98.013
 0.959 -0.437 97.496
 0.960 -0.436 98.475
 1.005 -0.447 98.338
2490 98      2.079       0.000      20.133

 0.989 -2.280 99.538
 0.959 -0.437 98.296
 0.960 -0.436 97.963
 1.003 -0.447 97.358
2500 98      2.048       0.001      22.333

 0.989 -2.280 98.500
 0.959 -0.437 98.579
 0.960 -0.436 98.483
 1.008 -0.447 98.592
2510 98      2.067       0.001      19.467

 0.989 -2.280 98.296
 0.959 -0.437 97.738
 0.960 -0.436 98.067
 1.010 -0.447 97.683
2520 98      2.039       0.001      20.133

 0.989 -2.280 98.329
 0.959 -0.437 98.058
 0.960 -0.436 98.021
 1.005 -0.447 97.629
2530 98      2.080       0.000      18.267

 0.989 -2.280 97.896
 0.959 -0.437 97.404
 0.960 -0.436 97.571
 1.002 -0.446 97.804
2540 98      2.018       0.001      20.933

 0.989 -2.280 98.025
 0.959 -0.437 97.804
 0.960 -0.436 98.075
 1.003 -0.447 97.958
2550 98      2.060       0.001      18.867

 0.989 -2.280 98.783
 0.959 -0.437 98.242
 0.960 -0.436 98.308
 1.004 -0.447 97.729
2560 98      2.047       0.000      20.467

 0.989 -2.280 98.275
 0.959 -0.437 97.763
 0.960 -0.436 97.979
 1.009 -0.447 97.983
2570 98      2.074       0.000      17.933

 0.989 -2.280 98.204
 0.959 -0.437 98.346
 0.960 -0.436 98.454
 1.012 -0.448 98.183
2580 98      2.088       0.000      19.133

 0.989 -2.280 97.167
 0.959 -0.437 98.004
 0.960 -0.436 97.971
 1.013 -0.447 98.146
2590 98      2.042       0.001      21.467

 0.989 -2.280 97.800
 0.959 -0.437 98.183
 0.960 -0.436 99.271
 1.013 -0.448 97.479
2600 98      2.068       0.001      19.667

 0.989 -2.280 97.792
 0.959 -0.437 97.883
 0.960 -0.436 98.521
 1.014 -0.447 97.300
2610 98      2.035       0.000      19.267

 0.989 -2.280 96.742
 0.959 -0.437 97.888
 0.960 -0.436 98.129
 1.015 -0.448 97.175
2620 98      2.079       0.001      18.133

 0.989 -2.280 98.446
 0.959 -0.437 98.396
 0.960 -0.436 97.733
 1.016 -0.448 98.446
2630 98      2.090       0.001      18.600

 0.989 -2.280 98.100
 0.959 -0.437 98.321
 0.960 -0.436 98.142
 1.016 -0.448 98.871
2640 98      2.027       0.001      22.733

 0.989 -2.280 98.763
 0.959 -0.437 98.263
 0.960 -0.436 98.275
 1.015 -0.448 98.471
2650 98      2.057       0.001      19.933

 0.989 -2.280 97.992
 0.959 -0.437 97.513
 0.960 -0.436 97.758
 1.014 -0.448 98.900
2660 98      2.053       0.001      19.667

 0.989 -2.280 96.925
 0.959 -0.437 98.096
 0.960 -0.436 97.496
 1.013 -0.448 98.288
2670 98      2.060       0.001      18.533

 0.989 -2.280 98.596
 0.959 -0.437 97.725
 0.960 -0.436 97.908
 1.012 -0.447 97.883
2680 98      2.034       0.000      19.533

 0.989 -2.280 97.725
 0.959 -0.437 97.858
 0.960 -0.436 98.496
 1.012 -0.447 98.192
2690 98      2.077       0.001      20.133

 0.989 -2.280 98.467
 0.959 -0.437 98.246
 0.960 -0.436 97.425
 1.012 -0.447 98.308
2700 98      2.044       0.001      20.333

 0.989 -2.280 98.000
 0.959 -0.437 97.763
 0.960 -0.436 97.813
 1.012 -0.447 97.992
2710 98      2.068       0.001      20.733

 0.989 -2.280 98.029
 0.959 -0.437 98.396
 0.960 -0.436 97.321
 1.011 -0.447 97.979
2720 98      2.067       0.001      18.200

 0.989 -2.280 97.404
 0.959 -0.437 98.171
 0.960 -0.436 98.313
 1.007 -0.447 98.000
2730 98      2.051       0.001      18.867

 0.989 -2.280 98.033
 0.959 -0.437 98.396
 0.960 -0.436 98.358
 1.008 -0.447 97.825
2740 98      2.028       0.000      19.400

 0.989 -2.280 97.771
 0.959 -0.437 97.708
 0.960 -0.436 97.917
 1.007 -0.447 98.675
2750 98      2.027       0.001      20.667

 0.989 -2.280 97.642
 0.959 -0.437 97.646
 0.960 -0.436 97.546
 1.006 -0.447 98.050
2760 98      2.052       0.001      18.200

 0.989 -2.280 98.688
 0.959 -0.437 98.379
 0.960 -0.436 97.642
 1.006 -0.447 98.104
2770 98      2.049       0.001      22.133

 0.989 -2.280 99.354
 0.959 -0.437 97.533
 0.960 -0.436 98.646
 1.005 -0.447 97.300
2780 98      2.045       0.001      20.733

 0.988 -2.280 98.229
 0.959 -0.437 97.475
 0.960 -0.436 97.917
 1.002 -0.447 98.663
2790 98      2.039       0.001      19.333

 0.988 -2.280 98.829
 0.959 -0.437 97.600
 0.960 -0.436 97.629
 1.001 -0.446 98.154
2800 98      2.052       0.001      19.000

 0.988 -2.280 97.692
 0.959 -0.437 97.163
 0.960 -0.436 98.304
 1.000 -0.446 97.713
2810 98      2.082       0.000      18.667

 0.988 -2.280 97.288
 0.959 -0.437 98.054
 0.960 -0.436 98.783
 1.001 -0.446 97.617
2820 98      2.039       0.000      20.067

 0.989 -2.280 97.575
 0.959 -0.437 98.817
 0.960 -0.436 97.783
 1.006 -0.446 98.142
2830 98      2.028       0.001      17.733

 0.989 -2.280 98.963
 0.959 -0.437 98.000
 0.960 -0.436 98.250
 1.010 -0.447 97.642
2840 98      2.065       0.001      21.467

 0.988 -2.280 98.704
 0.959 -0.437 98.525
 0.960 -0.436 97.975
 1.012 -0.447 98.208
2850 98      2.032       0.001      20.200

 0.988 -2.280 97.904
 0.959 -0.437 98.163
 0.960 -0.436 97.875
 1.015 -0.448 97.617
2860 98      2.054       0.000      19.867

 0.989 -2.280 98.158
 0.959 -0.437 97.900
 0.960 -0.436 97.758
 1.018 -0.448 97.429
2870 98      2.057       0.001      20.267

 0.989 -2.280 97.604
 0.959 -0.437 97.504
 0.960 -0.436 97.754
 1.018 -0.448 97.888
2880 98      2.123       0.001      17.533

 0.989 -2.280 97.596
 0.959 -0.437 97.192
 0.960 -0.436 98.925
 1.018 -0.448 97.492
2890 98      2.058       0.000      20.333

 0.989 -2.280 97.788
 0.959 -0.437 98.258
 0.960 -0.436 98.146
 1.019 -0.448 98.100
2900 98      2.067       0.001      19.933

 0.988 -2.280 97.100
 0.959 -0.437 99.108
 0.960 -0.436 98.221
 1.020 -0.448 97.529
2910 98      2.032       0.001      19.867

 0.988 -2.280 98.775
 0.959 -0.437 98.288
 0.960 -0.436 98.671
 1.020 -0.448 97.688
2920 98      2.044       0.001      19.467

 0.989 -2.280 98.683
 0.959 -0.437 97.638
 0.960 -0.436 98.604
 1.020 -0.448 98.250
2930 98      2.044       0.001      20.467

 0.989 -2.281 98.104
 0.959 -0.437 98.692
 0.960 -0.436 98.967
 1.018 -0.448 98.171
2940 98      2.042       0.001      21.867

 0.990 -2.281 97.196
 0.959 -0.437 97.733
 0.960 -0.436 97.213
 1.017 -0.448 97.121
2950 98      2.019       0.001      20.600

 0.990 -2.281 98.221
 0.959 -0.437 98.025
 0.960 -0.436 98.758
 1.016 -0.448 98.092
2960 98      2.045       0.001      18.600

 0.990 -2.282 98.629
 0.959 -0.437 97.538
 0.960 -0.436 98.592
 1.017 -0.448 97.425
2970 98      2.013       0.001      22.800

 0.990 -2.282 98.208
 0.959 -0.437 97.808
 0.960 -0.436 98.046
 1.017 -0.448 97.704
2980 98      2.065       0.001      21.000

 0.990 -2.282 97.746
 0.959 -0.437 97.467
 0.960 -0.436 97.283
 1.016 -0.448 97.671
2990 98      2.031       0.001      20.200

 0.990 -2.282 97.346
 0.959 -0.437 98.238
 0.960 -0.436 98.404
 1.017 -0.448 98.058
3000 97      2.051       1.000      21.733

 0.981 -2.291 96.963
 0.934 -0.462 96.550
 0.935 -0.462 96.275
 0.999 -0.475 96.567
3010 97      2.057       0.224      19.667

 0.981 -2.291 97.779
 0.947 -0.449 96.883
 0.948 -0.448 96.888
 1.009 -0.464 97.875
3020 97      2.061       0.050      20.067

 0.984 -2.288 96.958
 0.941 -0.454 97.613
 0.942 -0.454 96.967
 1.009 -0.465 97.125
3030 97      2.071       0.012      19.800

 0.981 -2.290 96.492
 0.942 -0.453 97.371
 0.943 -0.453 97.283
 1.009 -0.468 96.179
3040 97      2.069       0.003      20.000

 0.982 -2.289 97.821
 0.943 -0.453 97.517
 0.944 -0.452 97.692
 1.011 -0.465 97.429
3050 97      2.057       0.003      20.800

 0.982 -2.289 96.792
 0.942 -0.454 96.813
 0.943 -0.453 97.188
 1.012 -0.467 97.104
3060 97      2.081       0.002      21.533

 0.982 -2.290 96.642
 0.943 -0.453 96.742
 0.944 -0.452 97.150
 1.012 -0.467 96.892
3070 97      2.057       0.001      19.600

 0.982 -2.289 96.904
 0.942 -0.453 96.450
 0.943 -0.453 96.496
 1.013 -0.467 97.554
3080 97      2.057       0.001      19.600

 0.982 -2.289 97.283
 0.943 -0.453 97.171
 0.944 -0.452 96.692
 1.012 -0.467 97.017
3090 97      2.061       0.001      21.133

 0.982 -2.289 96.925
 0.942 -0.453 96.850
 0.943 -0.452 96.333
 1.012 -0.467 97.296
3100 97      2.048       0.001      20.400

 0.982 -2.289 96.600
 0.942 -0.453 96.296
 0.943 -0.452 96.996
 1.013 -0.467 97.258
3110 97      2.024       0.001      20.000

 0.982 -2.289 97.071
 0.942 -0.453 96.792
 0.943 -0.452 96.913
 1.013 -0.467 97.150
3120 97      2.046       0.001      18.800

 0.982 -2.289 97.838
 0.942 -0.453 96.800
 0.943 -0.452 96.783
 1.016 -0.467 97.429
3130 97      2.065       0.001      20.400

 0.982 -2.289 97.492
 0.942 -0.453 96.892
 0.943 -0.452 96.079
 1.016 -0.467 96.838
3140 97      2.111       0.001      18.600

 0.982 -2.289 96.917
 0.942 -0.453 96.967
 0.943 -0.452 97.117
 1.016 -0.467 96.913
3150 97      2.044       0.000      20.200

 0.982 -2.289 96.767
 0.942 -0.453 96.500
 0.943 -0.452 97.242
 1.015 -0.467 97.108
3160 97      2.058       0.001      20.067

 0.982 -2.289 98.392
 0.942 -0.453 96.988
 0.943 -0.452 96.654
 1.015 -0.467 96.508
3170 97      2.036       0.000      17.733

 0.982 -2.289 96.850
 0.942 -0.453 97.279
 0.943 -0.452 96.821
 1.014 -0.467 96.479
3180 97      2.058       0.001      20.200

 0.982 -2.289 97.050
 0.942 -0.453 97.713
 0.943 -0.452 96.754
 1.015 -0.467 97.017
3190 97      2.047       0.001      21.133

 0.982 -2.289 97.638
 0.942 -0.453 96.963
 0.943 -0.452 96.208
 1.015 -0.467 96.692
3200 97      2.086       0.001      16.733

 0.982 -2.289 95.804
 0.942 -0.453 97.596
 0.943 -0.452 97.408
 1.015 -0.467 96.529
3210 97      2.050       0.001      19.733

 0.982 -2.289 97.788
 0.942 -0.453 97.238
 0.943 -0.452 96.675
 1.013 -0.467 96.638
3220 97      2.093       0.001      19.333

 0.982 -2.289 97.242
 0.942 -0.453 97.213
 0.943 -0.452 96.508
 1.012 -0.467 96.904
3230 97      2.087       0.001      20.467

 0.982 -2.289 96.729
 0.942 -0.453 96.925
 0.943 -0.452 96.658
 1.013 -0.466 96.000
3240 97      2.026       0.001      23.067

 0.982 -2.289 98.467
 0.942 -0.453 97.725
 0.943 -0.452 97.208
 1.016 -0.467 97.333
3250 97      2.056       0.001      20.133

 0.982 -2.289 96.717
 0.942 -0.453 96.367
 0.943 -0.452 96.867
 1.018 -0.467 97.283
3260 97      2.105       0.001      19.333

 0.982 -2.289 97.046
 0.942 -0.453 97.146
 0.943 -0.452 96.371
 1.020 -0.468 97.042
3270 97      2.041       0.001      19.933

 0.982 -2.289 95.933
 0.942 -0.453 96.579
 0.943 -0.452 97.233
 1.020 -0.468 97.396
3280 97      2.062       0.001      21.067

 0.982 -2.289 96.779
 0.942 -0.453 97.225
 0.943 -0.452 97.708
 1.019 -0.468 96.892
3290 97      2.073       0.001      19.933

 0.982 -2.289 96.963
 0.942 -0.453 96.696
 0.943 -0.452 96.900
 1.019 -0.467 97.183
3300 97      2.032       0.001      21.867

 0.982 -2.289 96.388
 0.942 -0.453 96.975
 0.943 -0.452 96.954
 1.018 -0.468 96.533
3310 97      2.044       0.001      20.067

 0.982 -2.289 96.088
 0.942 -0.453 97.529
 0.943 -0.452 96.413
 1.016 -0.467 95.442
3320 97      2.076       0.000      18.800

 0.982 -2.289 96.700
 0.942 -0.453 96.942
 0.943 -0.452 96.958
 1.016 -0.467 97.996
3330 97      2.044       0.001      21.133

 0.982 -2.289 96.742
 0.942 -0.453 96.492
 0.943 -0.452 96.692
 1.015 -0.467 97.363
3340 97      2.042       0.001      21.600

 0.982 -2.289 96.796
 0.942 -0.453 97.871
 0.943 -0.452 96.150
 1.014 -0.467 96.850
3350 97      2.135       0.001      17.200

 0.982 -2.289 96.108
 0.942 -0.453 97.550
 0.943 -0.452 96.838
 1.018 -0.467 96.750
3360 97      2.072       0.001      19.800

 0.982 -2.289 97.692
 0.942 -0.453 97.633
 0.943 -0.452 96.950
 1.020 -0.468 97.692
3370 97      2.123       0.001      16.467

 0.982 -2.289 95.100
 0.942 -0.453 97.142
 0.943 -0.452 97.238
 1.020 -0.467 97.338
3380 97      2.029       0.001      21.600

 0.982 -2.289 97.858
 0.942 -0.453 96.300
 0.943 -0.452 97.271
 1.020 -0.468 97.288
3390 97      2.032       0.001      19.800

 0.982 -2.289 97.279
 0.942 -0.453 96.913
 0.943 -0.452 96.592
 1.021 -0.468 96.679
3400 97      2.020       0.000      22.467

 0.982 -2.289 97.646
 0.942 -0.453 97.504
 0.943 -0.452 97.121
 1.021 -0.468 97.654
3410 97      2.063       0.001      18.000

 0.982 -2.289 96.913
 0.942 -0.453 97.383
 0.943 -0.452 97.692
 1.021 -0.468 96.804
3420 97      2.056       0.001      19.600

 0.982 -2.289 97.671
 0.942 -0.453 96.888
 0.943 -0.452 96.867
 1.020 -0.468 97.075
3430 97      2.105       0.001      18.267

 0.982 -2.289 97.379
 0.942 -0.453 97.017
 0.943 -0.452 97.154
 1.020 -0.468 96.825
3440 97      2.087       0.001      17.933

 0.982 -2.289 96.842
 0.942 -0.453 96.363
 0.943 -0.452 96.888
 1.019 -0.467 96.475
3450 97      2.083       0.001      20.067

 0.982 -2.289 97.654
 0.942 -0.453 97.238
 0.943 -0.452 97.242
 1.018 -0.467 96.829
3460 97      2.065       0.001      21.600

 0.982 -2.289 96.171
 0.942 -0.453 96.921
 0.943 -0.452 97.271
 1.018 -0.467 96.846
3470 97      2.084       0.002      19.067

 0.982 -2.289 96.679
 0.942 -0.453 96.738
 0.943 -0.452 97.121
 1.018 -0.467 96.683
3480 97      2.071       0.002      19.133

 0.982 -2.289 96.575
 0.942 -0.453 97.188
 0.943 -0.452 97.213
 1.018 -0.467 96.683
3490 97      2.057       0.001      18.800

 0.982 -2.289 96.617
 0.942 -0.453 97.375
 0.943 -0.452 96.588
 1.017 -0.467 97.013
3500 97      2.065       0.001      18.267

 0.982 -2.289 96.150
 0.942 -0.453 97.004
 0.943 -0.452 96.971
 1.017 -0.467 97.071
3510 97      2.055       0.001      19.467

 0.982 -2.289 96.133
 0.942 -0.453 96.483
 0.943 -0.452 96.871
 1.017 -0.467 96.746
3520 97      2.038       0.001      21.000

 0.982 -2.289 97.692
 0.942 -0.453 97.292
 0.943 -0.452 97.242
 1.019 -0.467 97.100
3530 97      2.071       0.001      20.267

 0.982 -2.289 97.117
 0.942 -0.453 97.371
 0.943 -0.452 97.117
 1.019 -0.468 96.633
3540 97      2.073       0.001      19.267

 0.982 -2.289 96.275
 0.942 -0.453 96.675
 0.943 -0.452 97.829
 1.018 -0.467 97.038
3550 97      2.081       0.002      20.600

 0.982 -2.289 96.417
 0.942 -0.453 96.708
 0.943 -0.452 97.254
 1.018 -0.467 97.138
3560 97      2.062       0.001      16.000

 0.982 -2.289 96.746
 0.942 -0.453 96.033
 0.943 -0.452 98.088
 1.018 -0.467 96.475
3570 97      2.046       0.001      20.333

 0.982 -2.289 96.888
 0.942 -0.453 96.529
 0.943 -0.452 96.779
 1.019 -0.467 96.208
3580 97      2.059       0.001      21.067

 0.982 -2.289 96.304
 0.942 -0.453 97.263
 0.943 -0.452 97.167
 1.019 -0.468 96.517
3590 97      2.060       0.001      20.067

 0.982 -2.289 96.329
 0.942 -0.453 97.000
 0.943 -0.452 96.225
 1.018 -0.467 96.833
3600 97      2.064       0.001      20.667

 0.982 -2.289 96.975
 0.942 -0.453 96.325
 0.943 -0.452 96.992
 1.017 -0.467 96.579
3610 97      2.040       0.001      18.600

 0.982 -2.289 97.642
 0.942 -0.453 96.783
 0.943 -0.452 97.263
 1.016 -0.467 96.996
3620 97      2.054       0.001      18.800

 0.982 -2.289 97.192
 0.942 -0.453 96.946
 0.943 -0.452 96.346
 1.019 -0.467 96.858
3630 97      2.109       0.000      18.867

 0.982 -2.289 96.608
 0.942 -0.453 97.225
 0.943 -0.452 96.667
 1.020 -0.468 97.225
3640 97      2.038       0.001      18.467

 0.982 -2.289 97.563
 0.942 -0.453 97.388
 0.943 -0.452 96.808
 1.021 -0.467 97.425
3650 97      2.026       0.001      22.400

 0.982 -2.289 97.933
 0.942 -0.453 98.042
 0.943 -0.452 96.154
 1.022 -0.468 97.588
3660 97      2.070       0.000      21.267

 0.982 -2.289 96.871
 0.942 -0.453 97.896
 0.943 -0.452 97.104
 1.022 -0.468 96.213
3670 97      2.043       0.001      19.067

 0.982 -2.289 96.863
 0.942 -0.453 97.154
 0.943 -0.452 96.667
 1.023 -0.468 97.075
3680 97      2.082       0.001      19.400

 0.982 -2.289 98.500
 0.942 -0.453 97.196
 0.943 -0.452 96.617
 1.023 -0.468 97.717
3690 97      2.092       0.002      19.400

 0.982 -2.289 96.025
 0.942 -0.453 96.296
 0.943 -0.452 97.417
 1.023 -0.468 97.088
3700 97      2.075       0.001      18.733

 0.982 -2.289 97.546
 0.942 -0.453 97.588
 0.943 -0.452 96.846
 1.022 -0.468 97.113
3710 97      2.073       0.001      20.667

 0.982 -2.289 97.846
 0.942 -0.453 96.488
 0.943 -0.452 97.033
 1.025 -0.468 96.650
3720 97      2.078       0.001      20.000

 0.982 -2.289 97.675
 0.942 -0.453 96.400
 0.943 -0.452 96.492
 1.028 -0.469 96.754
3730 97      2.077       0.000      20.400

 0.982 -2.289 96.567
 0.942 -0.453 96.167
 0.943 -0.452 96.979
 1.029 -0.468 96.829
3740 97      2.072       0.001      21.733

 0.982 -2.289 97.125
 0.942 -0.453 97.671
 0.943 -0.452 96.467
 1.028 -0.468 96.713
3750 97      2.047       0.001      20.200

 0.982 -2.290 96.742
 0.942 -0.453 97.421
 0.943 -0.452 97.025
 1.028 -0.468 97.488
3760 97      2.062       0.001      19.800

 0.982 -2.290 96.171
 0.942 -0.453 96.646
 0.943 -0.452 97.204
 1.028 -0.468 97.979
3770 97      2.115       0.001      18.600

 0.982 -2.290 96.971
 0.942 -0.453 96.708
 0.943 -0.452 97.242
 1.025 -0.468 96.592
3780 97      2.067       0.001      17.933

 0.982 -2.290 97.213
 0.942 -0.453 96.233
 0.943 -0.452 97.408
 1.023 -0.468 97.313
3790 97      2.041       0.001      21.400

 0.982 -2.290 97.200
 0.942 -0.453 97.025
 0.943 -0.452 96.404
 1.024 -0.468 97.025
3800 97      2.064       0.001      19.333

 0.982 -2.290 97.092
 0.942 -0.453 97.042
 0.943 -0.452 97.238
 1.024 -0.468 96.921
3810 97      2.039       0.001      20.067

 0.982 -2.290 97.492
 0.942 -0.453 97.213
 0.943 -0.452 96.858
 1.023 -0.468 97.783
3820 97      2.050       0.001      19.333

 0.982 -2.290 97.179
 0.942 -0.453 97.592
 0.943 -0.452 97.592
 1.022 -0.468 97.217
3830 97      2.058       0.001      20.867

 0.982 -2.290 96.563
 0.942 -0.453 96.683
 0.943 -0.452 96.763
 1.022 -0.468 96.967
3840 97      2.099       0.001      19.600

 0.982 -2.290 96.275
 0.942 -0.453 97.638
 0.943 -0.452 97.725
 1.022 -0.468 96.608
3850 97      2.059       0.001      20.533

 0.982 -2.290 96.683
 0.942 -0.453 96.771
 0.943 -0.452 97.021
 1.020 -0.467 96.929
3860 97      2.070       0.001      20.200

 0.982 -2.290 96.617
 0.942 -0.453 96.538
 0.943 -0.452 96.671
 1.019 -0.467 97.413
3870 97      2.073       0.001      19.333

 0.982 -2.290 96.642
 0.942 -0.453 97.054
 0.943 -0.452 96.575
 1.017 -0.467 96.813
3880 97      2.080       0.001      18.600

 0.982 -2.290 96.763
 0.942 -0.453 96.575
 0.943 -0.452 97.117
 1.018 -0.467 96.838
3890 97      2.090       0.001      18.400

 0.982 -2.290 97.696
 0.942 -0.453 97.304
 0.943 -0.452 96.725
 1.019 -0.468 96.779
3900 97      2.034       0.001      21.600

 0.982 -2.290 97.183
 0.942 -0.453 96.879
 0.943 -0.452 97.579
 1.020 -0.467 96.950
3910 97      2.110       0.001      17.867

 0.982 -2.290 96.579
 0.942 -0.453 97.708
 0.943 -0.452 97.083
 1.021 -0.468 96.963
3920 97      2.052       0.001      19.267

 0.982 -2.290 96.892
 0.942 -0.453 96.879
 0.943 -0.452 96.804
 1.025 -0.468 96.879
3930 97      2.038       0.001      20.600

 0.982 -2.290 97.342
 0.942 -0.453 96.400
 0.943 -0.452 96.738
 1.024 -0.468 97.225
3940 97      2.057       0.001      20.933

 0.982 -2.290 95.983
 0.942 -0.453 96.871
 0.943 -0.452 97.400
 1.022 -0.468 97.308
3950 97      2.055       0.001      19.267

 0.982 -2.290 97.271
 0.942 -0.453 96.950
 0.943 -0.452 97.646
 1.020 -0.468 97.463
3960 97      2.060       0.002      17.867

 0.982 -2.290 95.963
 0.942 -0.453 96.688
 0.943 -0.452 97.083
 1.022 -0.468 97.071
3970 97      2.054       0.002      18.267

 0.982 -2.290 97.350
 0.942 -0.453 97.004
 0.943 -0.452 96.575
 1.022 -0.468 97.546
3980 97      2.064       0.001      17.267

 0.982 -2.290 96.971
 0.942 -0.453 96.858
 0.943 -0.452 97.317
 1.021 -0.468 97.938
3990 97      2.058       0.001      19.467

 0.982 -2.290 96.567
 0.942 -0.453 96.025
 0.943 -0.452 97.500
 1.021 -0.468 97.271
4000 96      2.055       1.004      21.067

 0.973 -2.299 95.642
 0.917 -0.478 94.925
 0.918 -0.478 95.363
 1.002 -0.495 95.833
4010 96      2.060       0.217      16.667

 0.973 -2.299 96.654
 0.930 -0.465 96.558
 0.931 -0.465 95.542
 1.012 -0.483 96.025
4020 96      2.068       0.048      20.333

 0.976 -2.296 95.342
 0.925 -0.470 95.138
 0.926 -0.470 95.617
 1.014 -0.486 95.167
4030 96      2.050       0.012      19.867

 0.973 -2.298 95.292
 0.926 -0.470 96.063
 0.927 -0.469 95.067
 1.014 -0.488 96.121
4040 96      2.055       0.005      20.200

 0.974 -2.297 95.279
 0.927 -0.469 95.871
 0.928 -0.468 95.975
 1.017 -0.485 96.308
4050 96      2.062       0.003      17.733

 0.974 -2.297 94.788
 0.925 -0.470 96.588
 0.926 -0.469 95.463
 1.015 -0.487 94.479
4060 96      2.062       0.002      20.067

 0.974 -2.298 95.417
 0.926 -0.469 95.725
 0.927 -0.468 95.679
 1.015 -0.486 96.521
4070 96      2.070       0.002      18.600

 0.974 -2.297 96.646
 0.926 -0.469 95.917
 0.927 -0.469 96.046
 1.014 -0.487 95.917
4080 96      2.050       0.001      20.733

 0.974 -2.297 96.133
 0.926 -0.469 96.358
 0.927 -0.469 96.588
 1.011 -0.487 95.867
4090 96      2.041       0.001      21.267

 0.974 -2.297 95.333
 0.926 -0.469 95.721
 0.927 -0.469 95.446
 1.011 -0.486 95.413
4100 96      2.037       0.001      21.067

 0.974 -2.297 96.042
 0.926 -0.469 95.767
 0.927 -0.469 96.733
 1.010 -0.486 95.971
4110 96      2.106       0.001      17.400

 0.974 -2.297 96.921
 0.926 -0.469 95.546
 0.927 -0.469 96.138
 1.010 -0.486 96.446
4120 96      2.080       0.001      20.600

 0.974 -2.297 96.550
 0.926 -0.469 96.488
 0.927 -0.469 96.317
 1.010 -0.486 95.567
4130 96      2.060       0.001      21.400

 0.974 -2.297 96.471
 0.926 -0.469 95.775
 0.927 -0.469 96.258
 1.009 -0.486 96.029
4140 96      2.046       0.001      20.600

 0.974 -2.297 96.321
 0.926 -0.469 96.067
 0.927 -0.469 96.504
 1.009 -0.486 96.321
4150 96      2.036       0.001      21.533

 0.974 -2.297 96.283
 0.926 -0.469 96.958
 0.927 -0.469 95.996
 1.008 -0.486 96.433
4160 96      2.085       0.001      19.200

 0.974 -2.297 96.867
 0.926 -0.469 96.071
 0.927 -0.469 96.279
 1.008 -0.486 95.179
4170 96      2.076       0.001      18.133

 0.974 -2.297 96.683
 0.926 -0.469 96.767
 0.927 -0.469 96.338
 1.009 -0.486 96.338
4180 96      2.060       0.001      20.400

 0.974 -2.297 95.125
 0.926 -0.469 95.925
 0.927 -0.469 95.446
 1.009 -0.486 96.317
4190 96      2.049       0.001      19.333

 0.974 -2.297 94.967
 0.926 -0.469 95.596
 0.927 -0.469 95.888
 1.011 -0.486 95.338
4200 96      2.048       0.001      20.533

 0.974 -2.297 95.350
 0.926 -0.469 95.800
 0.927 -0.469 96.171
 1.012 -0.487 95.713
4210 96      2.048       0.001      21.067

 0.974 -2.297 96.038
 0.926 -0.469 95.729
 0.927 -0.469 96.013
 1.013 -0.486 95.800
4220 96      2.058       0.001      20.333

 0.974 -2.297 95.000
 0.926 -0.469 96.217
 0.927 -0.469 95.854
 1.013 -0.486 96.421
4230 96      2.064       0.001      20.267

 0.974 -2.297 95.613
 0.926 -0.469 95.517
 0.927 -0.469 95.958
 1.014 -0.487 96.200
4240 96      2.042       0.001      19.067

 0.974 -2.297 96.421
 0.926 -0.469 95.821
 0.927 -0.469 96.025
 1.015 -0.487 95.688
4250 96      2.076       0.001      21.200

 0.974 -2.297 95.283
 0.926 -0.469 96.213
 0.927 -0.469 95.500
 1.017 -0.487 95.904
4260 96      2.069       0.001      18.133

 0.974 -2.297 96.617
 0.926 -0.469 96.025
 0.927 -0.469 96.433
 1.016 -0.487 96.642
4270 96      2.055       0.001      19.133

 0.974 -2.297 95.925
 0.926 -0.469 96.292
 0.927 -0.469 95.813
 1.017 -0.487 95.338
4280 96      2.079       0.001      20.133

 0.974 -2.297 95.496
 0.926 -0.469 95.683
 0.927 -0.469 96.113
 1.017 -0.487 96.417
4290 96      2.058       0.001      19.067

 0.974 -2.297 96.758
 0.926 -0.469 95.742
 0.927 -0.469 95.246
 1.020 -0.487 96.158
4300 96      2.060       0.001      17.533

 0.974 -2.297 96.117
 0.926 -0.469 95.942
 0.927 -0.469 95.479
 1.021 -0.488 95.700
4310 96      2.048       0.001      18.200

 0.974 -2.297 95.888
 0.926 -0.469 96.229
 0.927 -0.469 95.800
 1.022 -0.487 95.317
4320 96      2.056       0.001      20.667

 0.974 -2.297 95.946
 0.926 -0.469 96.058
 0.927 -0.469 95.504
 1.022 -0.487 96.308
4330 96      2.053       0.001      22.200

 0.974 -2.297 96.521
 0.926 -0.469 96.917
 0.927 -0.469 95.867
 1.022 -0.487 96.975
4340 96      2.052       0.001      19.800

 0.974 -2.297 95.917
 0.926 -0.469 95.688
 0.927 -0.469 95.963
 1.021 -0.487 95.817
4350 96      2.068       0.002      18.733

 0.974 -2.297 96.633
 0.926 -0.469 95.975
 0.927 -0.469 96.213
 1.021 -0.487 95.800
4360 96      2.078       0.001      20.400

 0.974 -2.297 97.413
 0.926 -0.469 96.346
 0.927 -0.469 96.417
 1.021 -0.487 95.838
4370 96      2.061       0.001      18.600

 0.974 -2.297 96.200
 0.926 -0.469 96.196
 0.927 -0.469 95.317
 1.021 -0.487 95.725
4380 96      2.030       0.001      21.467

 0.974 -2.297 95.863
 0.926 -0.469 96.750
 0.927 -0.469 96.158
 1.023 -0.487 95.683
4390 96      2.083       0.001      19.533

 0.974 -2.297 95.704
 0.926 -0.469 96.125
 0.927 -0.469 94.854
 1.026 -0.488 95.404
4400 96      2.062       0.001      20.267

 0.974 -2.297 95.913
 0.926 -0.469 95.871
 0.927 -0.469 95.829
 1.027 -0.488 95.975
4410 96      2.044       0.001      20.067

 0.974 -2.297 95.550
 0.926 -0.469 96.346
 0.927 -0.469 96.321
 1.027 -0.488 95.238
4420 96      2.045       0.001      21.000

 0.974 -2.297 96.654
 0.926 -0.469 96.229
 0.927 -0.469 95.604
 1.027 -0.488 95.717
4430 96      2.056       0.001      21.333

 0.974 -2.297 95.967
 0.926 -0.469 96.038
 0.927 -0.469 96.288
 1.026 -0.488 95.208
4440 96      2.044       0.001      21.867

 0.974 -2.297 96.333
 0.926 -0.469 96.088
 0.927 -0.469 96.146
 1.025 -0.488 95.633
4450 96      2.055       0.001      20.533

 0.974 -2.297 96.288
 0.926 -0.469 95.850
 0.927 -0.469 96.275
 1.027 -0.488 95.900
4460 96      2.023       0.003      21.533

 0.974 -2.297 96.725
 0.926 -0.469 96.004
 0.927 -0.469 95.304
 1.027 -0.488 95.446
4470 96      2.074       0.001      20.867

 0.974 -2.297 95.642
 0.926 -0.469 95.775
 0.927 -0.469 94.992
 1.028 -0.488 95.396
4480 96      2.029       0.002      22.667

 0.974 -2.297 96.229
 0.926 -0.469 95.113
 0.927 -0.469 95.675
 1.027 -0.488 96.338
4490 96      2.099       0.001      18.800

 0.974 -2.297 95.713
 0.926 -0.469 96.025
 0.927 -0.469 96.983
 1.029 -0.488 96.171
4500 96      2.052       0.001      17.933

 0.974 -2.297 96.321
 0.926 -0.469 95.625
 0.927 -0.469 95.642
 1.035 -0.488 95.246
4510 96      2.034       0.001      23.200

 0.974 -2.297 96.288
 0.926 -0.469 96.163
 0.927 -0.469 95.904
 1.036 -0.489 95.817
4520 96      2.054       0.001      20.333

 0.974 -2.297 96.379
 0.926 -0.469 95.617
 0.927 -0.469 95.388
 1.036 -0.488 95.196
4530 96      2.106       0.001      16.867

 0.974 -2.297 95.696
 0.926 -0.469 96.267
 0.927 -0.469 95.696
 1.035 -0.489 96.900
4540 96      2.061       0.000      20.933

 0.974 -2.297 96.392
 0.926 -0.469 96.304
 0.927 -0.469 96.504
 1.035 -0.489 94.896
4550 96      2.053       0.001      18.733

 0.974 -2.297 96.308
 0.926 -0.469 96.175
 0.927 -0.469 96.021
 1.036 -0.488 96.013
4560 96      2.082       0.001      18.533

 0.974 -2.297 94.392
 0.926 -0.469 96.054
 0.927 -0.469 96.071
 1.035 -0.489 95.917
4570 96      2.034       0.001      20.867

 0.974 -2.297 95.492
 0.926 -0.469 96.463
 0.927 -0.469 96.488
 1.035 -0.489 96.129
4580 96      2.027       0.000      19.267

 0.974 -2.297 95.496
 0.926 -0.469 95.958
 0.927 -0.469 96.317
 1.036 -0.489 95.192
4590 96      2.051       0.002      19.800

 0.974 -2.297 96.004
 0.926 -0.469 96.258
 0.927 -0.469 96.350
 1.037 -0.489 96.229
4600 96      2.137       0.001      15.600

 0.974 -2.297 94.871
 0.926 -0.469 96.788
 0.927 -0.469 95.804
 1.036 -0.488 96.808
4610 96      2.104       0.002      18.600

 0.974 -2.297 95.396
 0.926 -0.469 96.458
 0.927 -0.469 95.979
 1.036 -0.489 96.000
4620 96      2.099       0.001      17.600

 0.974 -2.297 95.542
 0.926 -0.469 95.767
 0.927 -0.469 95.242
 1.036 -0.489 95.933
4630 96      2.065       0.001      20.400

 0.974 -2.297 96.613
 0.926 -0.469 95.563
 0.927 -0.469 96.550
 1.037 -0.489 96.479
4640 96      2.081       0.002      18.200

 0.974 -2.297 95.229
 0.926 -0.469 96.542
 0.927 -0.469 95.496
 1.036 -0.489 96.604
4650 96      2.019       0.001      20.467

 0.974 -2.297 96.338
 0.926 -0.469 96.050
 0.927 -0.469 95.792
 1.029 -0.488 94.913
4660 96      2.075       0.002      19.067

 0.974 -2.297 95.125
 0.926 -0.469 96.379
 0.927 -0.469 95.883
 1.026 -0.487 96.300
4670 96      2.038       0.001      19.400

 0.974 -2.297 95.858
 0.926 -0.469 96.258
 0.927 -0.469 96.004
 1.024 -0.488 96.629
4680 96      2.084       0.001      19.067

 0.974 -2.297 96.029
 0.926 -0.469 96.413
 0.927 -0.469 96.058
 1.024 -0.487 96.092
4690 96      2.077       0.002      20.000

 0.974 -2.297 95.813
 0.926 -0.469 96.371
 0.927 -0.469 96.000
 1.023 -0.487 95.733
4700 96      2.083       0.001      20.333

 0.974 -2.297 94.879
 0.926 -0.469 96.200
 0.927 -0.469 95.842
 1.023 -0.487 95.083
4710 96      2.044       0.002      20.333

 0.974 -2.297 95.813
 0.926 -0.469 96.388
 0.927 -0.469 96.046
 1.023 -0.487 96.279
4720 96      2.063       0.001      20.533

 0.974 -2.297 96.654
 0.926 -0.469 95.704
 0.927 -0.469 96.746
 1.023 -0.487 95.738
4730 96      2.036       0.001      20.067

 0.974 -2.297 95.442
 0.926 -0.469 96.158
 0.927 -0.469 95.675
 1.024 -0.487 95.721
4740 96      2.059       0.001      19.467

 0.974 -2.297 95.846
 0.926 -0.469 95.475
 0.927 -0.469 96.188
 1.025 -0.488 96.167
4750 96      2.101       0.001      19.133

 0.974 -2.297 96.196
 0.926 -0.469 95.238
 0.927 -0.469 96.013
 1.022 -0.487 95.842
4760 96      2.049       0.001      20.667

 0.974 -2.297 95.550
 0.926 -0.469 95.871
 0.927 -0.469 96.763
 1.024 -0.488 96.063
4770 96      2.053       0.001      20.067

 0.974 -2.297 95.846
 0.926 -0.469 95.896
 0.927 -0.469 96.333
 1.026 -0.487 96.113
4780 96      2.093       0.001      17.800

 0.974 -2.297 96.075
 0.926 -0.469 95.963
 0.927 -0.469 95.954
 1.024 -0.488 95.979
4790 96      2.037       0.001      21.200

 0.974 -2.297 96.088
 0.926 -0.469 96.325
 0.927 -0.469 95.954
 1.023 -0.487 96.013
4800 96      2.043       0.001      20.200

 0.974 -2.297 95.704
 0.926 -0.469 96.329
 0.927 -0.469 95.713
 1.021 -0.487 97.063
4810 96      2.083       0.002      21.467

 0.974 -2.297 96.121
 0.926 -0.469 96.108
 0.927 -0.469 96.567
 1.020 -0.487 95.988
4820 96      2.054       0.001      20.267

 0.974 -2.297 95.663
 0.926 -0.469 95.958
 0.927 -0.469 96.638
 1.025 -0.487 96.704
4830 96      2.049       0.002      20.667

 0.974 -2.297 95.717
 0.926 -0.469 95.704
 0.927 -0.469 96.083
 1.027 -0.487 96.004
4840 96      2.081       0.001      20.067

 0.974 -2.297 96.425
 0.926 -0.469 96.692
 0.927 -0.469 96.183
 1.032 -0.487 95.846
4850 96      2.087       0.001      20.000

 0.974 -2.297 96.850
 0.926 -0.469 96.254
 0.927 -0.469 96.750
 1.038 -0.489 96.629
4860 96      2.060       0.002      21.000

 0.974 -2.297 96.613
 0.926 -0.469 96.133
 0.927 -0.469 95.508
 1.041 -0.489 96.004
4870 96      2.070       0.001      20.800

 0.974 -2.297 95.779
 0.926 -0.469 96.058
 0.927 -0.469 95.975
 1.043 -0.489 95.946
4880 96      2.067       0.001      20.267

 0.974 -2.297 96.029
 0.926 -0.469 96.138
 0.927 -0.469 96.325
 1.044 -0.489 96.850
4890 96      2.079       0.001      19.800

 0.974 -2.297 96.171
 0.926 -0.469 95.846
 0.927 -0.469 95.938
 1.044 -0.489 95.717
4900 96      2.046       0.001      20.600

 0.974 -2.297 95.988
 0.926 -0.469 95.746
 0.927 -0.469 96.150
 1.043 -0.489 96.904
4910 96      2.059       0.001      22.867

 0.974 -2.297 97.183
 0.926 -0.469 96.542
 0.927 -0.469 95.792
 1.043 -0.489 96.396
4920 96      2.056       0.002      19.533

 0.974 -2.297 96.150
 0.926 -0.469 95.892
 0.927 -0.469 95.621
 1.042 -0.489 95.788
4930 96      2.082       0.001      17.000

 0.974 -2.297 95.863
 0.926 -0.469 95.658
 0.927 -0.469 96.196
 1.041 -0.489 96.088
4940 96      2.094       0.001      18.933

 0.974 -2.297 95.583
 0.926 -0.469 96.192
 0.927 -0.469 95.650
 1.040 -0.489 96.275
4950 96      2.035       0.001      21.467

 0.974 -2.297 96.208
 0.926 -0.469 95.646
 0.927 -0.469 96.358
 1.040 -0.489 95.675
4960 96      2.085       0.002      17.467

 0.974 -2.297 96.892
 0.926 -0.469 95.975
 0.927 -0.469 95.629
 1.036 -0.488 95.938
4970 96      2.046       0.001      20.200

 0.974 -2.297 96.800
 0.926 -0.469 95.875
 0.927 -0.469 96.217
 1.034 -0.488 96.092
4980 96      2.037       0.001      20.867

 0.974 -2.297 96.004
 0.926 -0.469 96.125
 0.927 -0.469 96.338
 1.034 -0.488 96.075
4990 96      2.062       0.001      20.133

 0.974 -2.297 96.504
 0.926 -0.469 95.713
 0.927 -0.469 96.346
 1.039 -0.488 95.792
5000 95      2.071       1.004      21.000

 0.965 -2.307 93.875
 0.901 -0.495 94.671
 0.902 -0.494 94.225
 1.026 -0.517 94.725
5010 95      2.048       0.212      20.533

 0.965 -2.307 95.196
 0.913 -0.482 95.554
 0.914 -0.481 95.092
 1.035 -0.506 95.121
5020 95      2.081       0.046      20.467

 0.968 -2.304 96.100
 0.909 -0.487 94.104
 0.910 -0.486 95.058
 1.035 -0.507 95.050
5030 95      2.046       0.013      21.200

 0.965 -2.306 94.917
 0.909 -0.486 94.367
 0.910 -0.486 95.429
 1.033 -0.510 95.250
5040 95      2.101       0.005      18.000

 0.966 -2.305 94.729
 0.910 -0.485 95.592
 0.911 -0.484 94.708
 1.031 -0.506 94.746
5050 95      2.077       0.003      19.267

 0.966 -2.305 96.083
 0.909 -0.486 95.517
 0.910 -0.486 94.646
 1.029 -0.508 95.129
5060 95      2.081       0.002      18.800

 0.966 -2.305 95.338
 0.910 -0.485 94.575
 0.911 -0.485 95.775
 1.028 -0.507 95.283
5070 95      2.050       0.001      22.067

 0.966 -2.305 95.317
 0.909 -0.486 95.238
 0.910 -0.485 94.850
 1.029 -0.507 94.879
5080 95      2.105       0.001      17.533

 0.966 -2.305 95.358
 0.910 -0.485 95.104
 0.911 -0.485 95.167
 1.029 -0.507 94.321
5090 95      2.072       0.001      20.800

 0.966 -2.305 93.950
 0.910 -0.486 94.817
 0.911 -0.485 95.517
 1.030 -0.507 95.542
5100 95      2.108       0.002      17.400

 0.966 -2.305 95.046
 0.910 -0.486 94.996
 0.910 -0.485 95.158
 1.033 -0.508 95.000
5110 95      2.089       0.001      18.133

 0.966 -2.305 95.933
 0.910 -0.486 94.625
 0.911 -0.485 94.938
 1.034 -0.508 95.750
5120 95      2.070       0.001      19.733

 0.966 -2.305 94.888
 0.910 -0.486 95.733
 0.910 -0.485 94.771
 1.034 -0.508 94.825
5130 95      2.068       0.001      20.267

 0.966 -2.305 95.721
 0.910 -0.486 95.254
 0.911 -0.485 95.033
 1.036 -0.508 96.158
5140 95      2.078       0.001      20.133

 0.966 -2.305 94.888
 0.910 -0.486 94.708
 0.911 -0.485 95.371
 1.036 -0.508 94.213
5150 95      2.139       0.001      17.000

 0.966 -2.305 94.771
 0.910 -0.486 95.529
 0.911 -0.485 95.679
 1.035 -0.508 95.033
5160 95      2.076       0.001      19.333

 0.966 -2.305 95.546
 0.910 -0.486 95.029
 0.911 -0.485 94.817
 1.035 -0.508 94.967
5170 95      2.060       0.001      19.600

 0.966 -2.305 94.208
 0.910 -0.486 94.367
 0.911 -0.485 95.925
 1.035 -0.508 94.567
5180 95      2.073       0.002      19.333

 0.966 -2.305 95.025
 0.910 -0.486 95.100
 0.911 -0.485 95.008
 1.036 -0.508 95.008
5190 95      2.061       0.001      18.933

 0.966 -2.305 94.842
 0.910 -0.486 94.675
 0.911 -0.485 95.392
 1.040 -0.508 94.883
5200 95      2.060       0.001      19.867

 0.966 -2.305 94.171
 0.910 -0.486 94.671
 0.911 -0.485 95.496
 1.045 -0.510 94.058
5210 95      2.121       0.001      18.333

 0.966 -2.305 95.771
 0.910 -0.486 93.950
 0.911 -0.485 94.954
 1.046 -0.510 94.354
5220 95      2.101       0.001      19.933

 0.966 -2.305 96.000
 0.910 -0.486 95.425
 0.911 -0.485 94.821
 1.047 -0.509 95.292
5230 95      2.073       0.001      20.000

 0.966 -2.305 94.225
 0.910 -0.486 94.700
 0.911 -0.485 95.192
 1.047 -0.510 95.742
5240 95      2.065       0.001      22.333

 0.966 -2.305 93.858
 0.910 -0.486 95.613
 0.911 -0.485 95.163
 1.047 -0.510 95.179
5250 95      2.122       0.001      17.533

 0.966 -2.305 95.471
 0.910 -0.486 94.871
 0.911 -0.485 94.488
 1.047 -0.510 94.729
5260 95      2.079       0.000      18.733

 0.966 -2.305 94.063
 0.910 -0.486 95.029
 0.911 -0.485 95.763
 1.047 -0.510 95.217
5270 95      2.073       0.001      20.267

 0.966 -2.305 95.017
 0.910 -0.486 94.213
 0.911 -0.485 94.658
 1.046 -0.509 95.071
5280 95      2.046       0.002      21.267

 0.966 -2.305 95.554
 0.910 -0.486 94.758
 0.911 -0.485 95.104
 1.046 -0.509 95.029
5290 95      2.083       0.001      21.467

 0.966 -2.305 94.729
 0.910 -0.486 95.204
 0.911 -0.485 95.617
 1.045 -0.510 93.942
5300 95      2.087       0.001      18.533

 0.966 -2.305 94.846
 0.910 -0.486 94.863
 0.911 -0.485 95.250
 1.044 -0.509 94.154
5310 95      2.054       0.001      20.733

 0.966 -2.305 94.317
 0.910 -0.486 94.579
 0.911 -0.485 94.046
 1.045 -0.509 95.425
5320 95      2.081       0.000      17.733

 0.966 -2.305 95.075
 0.910 -0.486 94.671
 0.911 -0.485 94.946
 1.047 -0.509 94.371
5330 95      2.071       0.001      18.867

 0.966 -2.305 94.429
 0.910 -0.486 94.771
 0.911 -0.485 95.425
 1.048 -0.510 94.921
5340 95      2.054       0.001      19.867

 0.966 -2.305 94.104
 0.910 -0.486 95.296
 0.911 -0.485 95.200
 1.049 -0.510 95.279
5350 95      2.080       0.002      19.400

 0.966 -2.305 94.317
 0.910 -0.486 94.392
 0.911 -0.485 94.813
 1.048 -0.510 95.004
5360 95      2.060       0.001      18.667

 0.966 -2.305 95.146
 0.910 -0.486 94.521
 0.911 -0.485 94.917
 1.048 -0.510 94.925
5370 95      2.059       0.002      20.533

 0.966 -2.305 95.058
 0.910 -0.486 94.546
 0.911 -0.485 95.021
 1.047 -0.510 94.942
5380 95      2.058       0.001      19.333

 0.966 -2.305 93.488
 0.910 -0.486 95.371
 0.911 -0.485 94.975
 1.047 -0.510 95.871
5390 95      2.067       0.001      18.867

 0.966 -2.305 95.042
 0.910 -0.486 95.521
 0.911 -0.485 94.758
 1.047 -0.510 94.067
5400 95      2.071       0.001      20.333

 0.966 -2.305 95.254
 0.910 -0.486 96.663
 0.911 -0.485 94.483
 1.047 -0.509 95.263
5410 95      2.061       0.001      18.000

 0.966 -2.305 96.158
 0.910 -0.486 95.067
 0.911 -0.485 95.483
 1.047 -0.509 94.617
5420 95      2.071       0.001      18.333

 0.966 -2.305 95.092
 0.910 -0.486 95.217
 0.911 -0.485 94.317
 1.048 -0.509 94.771
5430 95      2.083       0.001      19.933

 0.966 -2.305 94.588
 0.910 -0.486 94.463
 0.911 -0.485 94.621
 1.049 -0.510 94.871
5440 95      2.073       0.001      19.200

 0.966 -2.305 94.858
 0.910 -0.486 94.683
 0.911 -0.485 95.179
 1.049 -0.510 93.825
5450 95      2.055       0.001      19.400

 0.966 -2.305 95.192
 0.910 -0.486 95.029
 0.911 -0.485 95.308
 1.049 -0.510 94.038
5460 95      2.058       0.001      20.400

 0.966 -2.305 95.329
 0.910 -0.486 94.804
 0.911 -0.485 95.538
 1.049 -0.510 95.792
5470 95      2.036       0.001      21.400

 0.966 -2.305 95.446
 0.910 -0.486 94.913
 0.911 -0.485 95.225
 1.049 -0.510 95.038
5480 95      2.078       0.001      19.733

 0.966 -2.305 94.646
 0.910 -0.486 94.304
 0.911 -0.485 94.779
 1.049 -0.510 94.533
5490 95      2.085       0.002      20.133

 0.966 -2.305 94.217
 0.910 -0.486 95.225
 0.911 -0.485 94.521
 1.048 -0.510 95.371
5500 95      2.086       0.003      19.667

 0.966 -2.305 95.154
 0.910 -0.486 94.717
 0.911 -0.485 94.692
 1.048 -0.509 95.013
5510 95      2.044       0.001      21.200

 0.966 -2.305 94.504
 0.910 -0.486 95.379
 0.911 -0.485 94.404
 1.047 -0.510 96.058
5520 95      2.026       0.001      21.400

 0.966 -2.305 95.713
 0.910 -0.486 95.138
 0.911 -0.485 94.758
 1.047 -0.510 95.508
5530 95      2.034       0.004      19.800

 0.966 -2.305 95.171
 0.910 -0.486 94.913
 0.911 -0.485 95.500
 1.047 -0.510 95.508
5540 95      2.025       0.002      21.067

 0.966 -2.305 94.992
 0.910 -0.486 94.800
 0.911 -0.485 95.350
 1.048 -0.510 95.604
5550 95      2.067       0.003      19.600

 0.966 -2.305 94.604
 0.910 -0.486 95.446
 0.911 -0.485 95.208
 1.048 -0.510 95.271
5560 95      2.077       0.003      19.200

 0.966 -2.305 94.413
 0.910 -0.486 94.908
 0.911 -0.485 95.229
 1.047 -0.510 94.892
5570 95      2.057       0.001      17.200

 0.966 -2.305 94.950
 0.910 -0.486 95.050
 0.911 -0.485 95.358
 1.047 -0.510 95.267
5580 95      2.050       0.003      19.800

 0.966 -2.305 94.792
 0.910 -0.486 95.296
 0.911 -0.485 94.488
 1.047 -0.510 94.517
5590 95      2.122       0.001      18.467

 0.966 -2.305 95.175
 0.910 -0.486 95.750
 0.911 -0.485 94.600
 1.047 -0.509 95.058
5600 95      2.052       0.001      18.533

 0.966 -2.305 96.096
 0.910 -0.486 94.675
 0.911 -0.485 95.063
 1.047 -0.509 95.163
5610 95      2.090       0.001      16.867

 0.966 -2.305 94.700
 0.910 -0.486 94.283
 0.911 -0.485 94.979
 1.048 -0.510 94.771
5620 95      2.049       0.001      19.067

 0.966 -2.305 94.842
 0.910 -0.486 94.808
 0.911 -0.485 95.392
 1.049 -0.509 94.196
5630 95      2.089       0.001      20.400

 0.966 -2.305 94.617
 0.910 -0.486 95.767
 0.911 -0.485 94.458
 1.050 -0.510 95.096
5640 95      2.063       0.001      20.333

 0.966 -2.305 94.263
 0.910 -0.486 94.821
 0.911 -0.485 95.163
 1.048 -0.510 94.633
5650 95      2.050       0.001      20.200

 0.966 -2.305 95.079
 0.910 -0.486 94.783
 0.911 -0.485 94.792
 1.048 -0.509 94.971
5660 95      2.068       0.002      21.333

 0.966 -2.305 94.754
 0.910 -0.486 95.750
 0.911 -0.485 95.304
 1.048 -0.510 94.929
5670 95      2.039       0.002      20.667

 0.966 -2.305 94.708
 0.910 -0.486 95.654
 0.911 -0.485 94.421
 1.049 -0.510 95.204
5680 95      2.023       0.002      21.067

 0.966 -2.305 95.483
 0.910 -0.486 95.371
 0.911 -0.485 95.204
 1.049 -0.510 95.321
5690 95      2.036       0.001      20.400

 0.966 -2.305 95.900
 0.910 -0.486 95.004
 0.911 -0.485 95.404
 1.049 -0.510 96.063
5700 95      2.100       0.003      19.000

 0.966 -2.305 94.325
 0.910 -0.486 95.254
 0.911 -0.485 94.854
 1.048 -0.510 95.304
5710 95      2.125       0.004      17.800

 0.966 -2.305 93.292
 0.910 -0.486 94.633
 0.911 -0.485 95.354
 1.046 -0.510 95.421
5720 95      2.073       0.001      20.000

 0.966 -2.305 94.208
 0.910 -0.486 94.583
 0.911 -0.485 95.254
 1.045 -0.509 95.196
5730 95      2.047       0.002      21.267

 0.966 -2.305 95.396
 0.910 -0.486 95.163
 0.911 -0.485 94.654
 1.045 -0.509 94.908
5740 95      2.046       0.001      20.667

 0.966 -2.305 96.158
 0.910 -0.486 94.821
 0.911 -0.485 94.233
 1.045 -0.509 94.633
5750 95      2.038       0.001      21.400

 0.966 -2.305 95.125
 0.910 -0.486 95.258
 0.911 -0.485 94.638
 1.046 -0.509 94.896
5760 95      2.080       0.001      18.600

 0.966 -2.305 95.388
 0.910 -0.486 94.500
 0.911 -0.485 95.079
 1.046 -0.510 93.896
5770 95      2.074       0.001      19.467

 0.966 -2.305 94.500
 0.910 -0.486 95.171
 0.911 -0.485 95.192
 1.046 -0.509 94.813
5780 95      2.065       0.001      17.933

 0.966 -2.305 95.750
 0.910 -0.486 94.500
 0.911 -0.485 95.992
 1.046 -0.509 94.925
5790 95      2.060       0.001      19.600

 0.966 -2.305 95.000
 0.910 -0.486 95.317
 0.911 -0.485 94.933
 1.046 -0.510 94.729
5800 95      2.088       0.000      20.600

 0.966 -2.305 95.200
 0.910 -0.486 94.979
 0.911 -0.485 95.100
 1.046 -0.509 95.204
5810 95      2.054       0.001      21.933

 0.966 -2.305 95.488
 0.910 -0.486 95.142
 0.911 -0.485 94.758
 1.046 -0.509 95.725
5820 95      2.087       0.000      18.933

 0.966 -2.305 95.375
 0.910 -0.486 95.700
 0.911 -0.485 94.704
 1.046 -0.510 94.838
5830 95      2.094       0.001      19.933

 0.966 -2.305 95.183
 0.910 -0.486 94.829
 0.911 -0.485 94.288
 1.046 -0.509 94.996
5840 95      2.087       0.000      18.267

 0.966 -2.305 94.671
 0.910 -0.486 94.617
 0.911 -0.485 94.613
 1.045 -0.510 94.517
5850 95      2.070       0.001      18.533

 0.966 -2.305 94.604
 0.910 -0.486 95.071
 0.911 -0.485 95.158
 1.044 -0.509 95.929
5860 95      2.036       0.001      20.600

 0.966 -2.305 94.475
 0.910 -0.486 95.017
 0.911 -0.485 94.738
 1.046 -0.509 94.496
5870 95      2.072       0.002      22.467

 0.966 -2.305 94.388
 0.910 -0.486 95.763
 0.911 -0.485 95.638
 1.049 -0.510 95.442
5880 95      2.046       0.001      22.000

 0.966 -2.305 94.783
 0.910 -0.486 94.629
 0.911 -0.485 95.150
 1.050 -0.510 94.800
5890 95      2.086       0.001      19.067

 0.966 -2.305 95.454
 0.910 -0.486 95.042
 0.911 -0.485 95.129
 1.049 -0.510 94.663
5900 95      2.110       0.001      18.800

 0.966 -2.305 95.538
 0.910 -0.486 94.633
 0.911 -0.485 95.163
 1.050 -0.510 94.804
5910 95      2.059       0.001      18.933

 0.966 -2.305 95.704
 0.910 -0.486 94.675
 0.911 -0.485 95.033
 1.050 -0.510 95.146
5920 95      2.078       0.001      18.733

 0.966 -2.305 94.892
 0.910 -0.486 94.958
 0.911 -0.485 94.650
 1.050 -0.510 94.842
5930 95      2.068       0.001      20.933

 0.966 -2.305 94.358
 0.910 -0.486 94.621
 0.911 -0.485 95.017
 1.051 -0.510 94.942
5940 95      2.068       0.001      20.133

 0.966 -2.305 95.513
 0.910 -0.486 95.013
 0.911 -0.485 95.454
 1.052 -0.510 94.721
5950 95      2.069       0.001      20.067

 0.966 -2.305 95.688
 0.910 -0.486 95.321
 0.911 -0.485 94.696
 1.052 -0.510 94.692
5960 95      2.075       0.002      19.733

 0.966 -2.305 95.288
 0.910 -0.486 94.588
 0.911 -0.485 94.967
 1.052 -0.510 95.025
5970 95      2.114       0.001      20.667

 0.966 -2.305 95.042
 0.910 -0.486 95.238
 0.911 -0.485 94.571
 1.050 -0.510 94.971
5980 95      2.074       0.002      21.133

 0.966 -2.305 94.938
 0.910 -0.486 95.029
 0.911 -0.485 95.417
 1.049 -0.510 94.946
5990 95      2.075       0.001      18.867

 0.966 -2.305 95.096
 0.910 -0.486 94.700
 0.911 -0.485 94.529
 1.051 -0.510 95.004
6000 94      2.050       1.010      19.467

 0.957 -2.315 94.033
 0.884 -0.511 93.375
 0.885 -0.511 94.021
 1.033 -0.538 94.542
6010 94      2.076       0.211      19.533

 0.957 -2.314 94.446
 0.897 -0.498 93.429
 0.898 -0.498 94.117
 1.040 -0.527 93.821
6020 94      2.121       0.043      18.600

 0.960 -2.312 94.371
 0.892 -0.503 94.013
 0.893 -0.503 93.750
 1.041 -0.527 93.596
6030 94      2.079       0.014      20.667

 0.957 -2.314 93.871
 0.893 -0.502 93.008
 0.893 -0.502 93.917
 1.039 -0.531 94.238
6040 94      2.073       0.005      20.133

 0.958 -2.313 94.446
 0.894 -0.501 95.000
 0.895 -0.501 93.254
 1.041 -0.527 94.863
6050 94      2.076       0.003      19.000

 0.958 -2.313 93.517
 0.892 -0.503 93.717
 0.893 -0.502 94.442
